#
# There is insufficient memory for the Java Runtime Environment to continue.
# Native memory allocation (malloc) failed to allocate 1434592 bytes. Error detail: Chunk::new
# Possible reasons:
#   The system is out of physical RAM or swap space
#   This process is running with CompressedOops enabled, and the Java Heap may be blocking the growth of the native heap
# Possible solutions:
#   Reduce memory load on the system
#   Increase physical memory or swap space
#   Check if swap backing store is full
#   Decrease Java heap size (-Xmx/-Xms)
#   Decrease number of Java threads
#   Decrease Java thread stack sizes (-Xss)
#   Set larger code cache with -XX:ReservedCodeCacheSize=
#   JVM is running with Unscaled Compressed Oops mode in which the Java heap is
#     placed in the first 4GB address space. The Java Heap base address is the
#     maximum limit for the native heap growth. Please use -XX:HeapBaseMinAddress
#     to set the Java Heap base and to place the Java Heap above 4GB virtual address.
# This output file may be truncated or incomplete.
#
#  Out of Memory Error (arena.cpp:191), pid=47468, tid=10104
#
# JRE version: OpenJDK Runtime Environment (17.0.11) (build 17.0.11+0--11852314)
# Java VM: OpenJDK 64-Bit Server VM (17.0.11+0--11852314, mixed mode, tiered, compressed oops, compressed class ptrs, g1 gc, windows-amd64)
# No core dump will be written. Minidumps are not enabled by default on client versions of Windows
#

---------------  S U M M A R Y ------------

Command Line: --add-opens=java.base/java.util=ALL-UNNAMED --add-opens=java.base/java.lang=ALL-UNNAMED --add-opens=java.base/java.lang.invoke=ALL-UNNAMED --add-opens=java.prefs/java.util.prefs=ALL-UNNAMED --add-opens=java.base/java.nio.charset=ALL-UNNAMED --add-opens=java.base/java.net=ALL-UNNAMED --add-opens=java.base/java.util.concurrent.atomic=ALL-UNNAMED -Xmx2048m -Dfile.encoding=UTF-8 -Duser.country=FR -Duser.language=fr -Duser.variant -javaagent:C:\Users\DELL\.gradle\wrapper\dists\gradle-8.7-bin\bhs2wmbdwecv87pi65oeuq5iu\gradle-8.7\lib\agents\gradle-instrumentation-agent-8.7.jar org.gradle.launcher.daemon.bootstrap.GradleDaemon 8.7

Host: 11th Gen Intel(R) Core(TM) i5-1135G7 @ 2.40GHz, 8 cores, 7G,  Windows 10 , 64 bit Build 19041 (10.0.19041.4957)
Time: Sun Oct 27 21:15:12 2024 Paris, Madrid elapsed time: 69.318774 seconds (0d 0h 1m 9s)

---------------  T H R E A D  ---------------

Current thread (0x000002f086169d50):  JavaThread "C2 CompilerThread0" daemon [_thread_in_native, id=10104, stack(0x000000f53b200000,0x000000f53b300000)]


Current CompileTask:
C2:  69319 9819   !   4       java.net.URLClassLoader::findClass (47 bytes)

Stack: [0x000000f53b200000,0x000000f53b300000]
Native frames: (J=compiled Java code, j=interpreted, Vv=VM code, C=native code)
V  [jvm.dll+0x687bb9]
V  [jvm.dll+0x84142a]
V  [jvm.dll+0x8430ae]
V  [jvm.dll+0x843713]
V  [jvm.dll+0x24a35f]
V  [jvm.dll+0xac544]
V  [jvm.dll+0xacb8c]
V  [jvm.dll+0x369c37]
V  [jvm.dll+0x1be312]
V  [jvm.dll+0x21c029]
V  [jvm.dll+0x21b311]
V  [jvm.dll+0x1a63ed]
V  [jvm.dll+0x22b1ee]
V  [jvm.dll+0x229375]
V  [jvm.dll+0x7f5647]
V  [jvm.dll+0x7efa4a]
V  [jvm.dll+0x686a35]
C  [ucrtbase.dll+0x21bb2]
C  [KERNEL32.DLL+0x17374]
C  [ntdll.dll+0x4cc91]


---------------  P R O C E S S  ---------------

Threads class SMR info:
_java_thread_list=0x000002f08bb78060, length=49, elements={
0x000002f0ec0f26a0, 0x000002f0fff76790, 0x000002f0fff77260, 0x000002f0fff58080,
0x000002f086165400, 0x000002f086168880, 0x000002f086169150, 0x000002f086169d50,
0x000002f08616a710, 0x000002f08616b020, 0x000002f0ffee93d0, 0x000002f0863d1710,
0x000002f08c722470, 0x000002f08c5f97d0, 0x000002f08c138f90, 0x000002f08bec0460,
0x000002f08c642bd0, 0x000002f08c50c060, 0x000002f08c50e3d0, 0x000002f08c50f810,
0x000002f08c50e8e0, 0x000002f08c50cf90, 0x000002f08c50edf0, 0x000002f08c50dec0,
0x000002f08c50f300, 0x000002f08c50d4a0, 0x000002f08c50d9b0, 0x000002f08d734230,
0x000002f08d739330, 0x000002f08d739840, 0x000002f08d736090, 0x000002f08d736fc0,
0x000002f08d7323d0, 0x000002f08d739d50, 0x000002f08d7328e0, 0x000002f08d735b80,
0x000002f08d732df0, 0x000002f08d733300, 0x000002f08d734740, 0x000002f08d7365a0,
0x000002f08d735160, 0x000002f08d736ab0, 0x000002f08d735670, 0x000002f08d738400,
0x000002f08d7374d0, 0x000002f08d7379e0, 0x000002f08d733d20, 0x000002f08d737ef0,
0x000002f08d738910
}

Java Threads: ( => current thread )
  0x000002f0ec0f26a0 JavaThread "main" [_thread_blocked, id=19916, stack(0x000000f53a400000,0x000000f53a500000)]
  0x000002f0fff76790 JavaThread "Reference Handler" daemon [_thread_blocked, id=44912, stack(0x000000f53ac00000,0x000000f53ad00000)]
  0x000002f0fff77260 JavaThread "Finalizer" daemon [_thread_blocked, id=19836, stack(0x000000f53ad00000,0x000000f53ae00000)]
  0x000002f0fff58080 JavaThread "Signal Dispatcher" daemon [_thread_blocked, id=32876, stack(0x000000f53ae00000,0x000000f53af00000)]
  0x000002f086165400 JavaThread "Attach Listener" daemon [_thread_blocked, id=24152, stack(0x000000f53af00000,0x000000f53b000000)]
  0x000002f086168880 JavaThread "Service Thread" daemon [_thread_blocked, id=53504, stack(0x000000f53b000000,0x000000f53b100000)]
  0x000002f086169150 JavaThread "Monitor Deflation Thread" daemon [_thread_blocked, id=42336, stack(0x000000f53b100000,0x000000f53b200000)]
=>0x000002f086169d50 JavaThread "C2 CompilerThread0" daemon [_thread_in_native, id=10104, stack(0x000000f53b200000,0x000000f53b300000)]
  0x000002f08616a710 JavaThread "C1 CompilerThread0" daemon [_thread_blocked, id=42996, stack(0x000000f53b300000,0x000000f53b400000)]
  0x000002f08616b020 JavaThread "Sweeper thread" daemon [_thread_blocked, id=38232, stack(0x000000f53b400000,0x000000f53b500000)]
  0x000002f0ffee93d0 JavaThread "Common-Cleaner" daemon [_thread_blocked, id=50544, stack(0x000000f53b500000,0x000000f53b600000)]
  0x000002f0863d1710 JavaThread "Notification Thread" daemon [_thread_blocked, id=55064, stack(0x000000f53b700000,0x000000f53b800000)]
  0x000002f08c722470 JavaThread "Daemon health stats" [_thread_blocked, id=32752, stack(0x000000f53be00000,0x000000f53bf00000)]
  0x000002f08c5f97d0 JavaThread "Incoming local TCP Connector on port 58114" [_thread_in_native, id=44472, stack(0x000000f53bf00000,0x000000f53c000000)]
  0x000002f08c138f90 JavaThread "Daemon periodic checks" [_thread_blocked, id=53584, stack(0x000000f53c000000,0x000000f53c100000)]
  0x000002f08bec0460 JavaThread "Daemon" [_thread_blocked, id=56692, stack(0x000000f53c100000,0x000000f53c200000)]
  0x000002f08c642bd0 JavaThread "Handler for socket connection from /127.0.0.1:58114 to /127.0.0.1:58115" [_thread_in_native, id=36076, stack(0x000000f53c200000,0x000000f53c300000)]
  0x000002f08c50c060 JavaThread "Cancel handler" [_thread_blocked, id=35772, stack(0x000000f53b900000,0x000000f53ba00000)]
  0x000002f08c50e3d0 JavaThread "Daemon worker" [_thread_in_vm, id=56964, stack(0x000000f53c300000,0x000000f53c400000)]
  0x000002f08c50f810 JavaThread "Asynchronous log dispatcher for DefaultDaemonConnection: socket connection from /127.0.0.1:58114 to /127.0.0.1:58115" [_thread_blocked, id=27676, stack(0x000000f53c400000,0x000000f53c500000)]
  0x000002f08c50e8e0 JavaThread "Daemon client event forwarder" [_thread_blocked, id=37240, stack(0x000000f53c600000,0x000000f53c700000)]
  0x000002f08c50cf90 JavaThread "Cache worker for journal cache (C:\Users\DELL\.gradle\caches\journal-1)" [_thread_blocked, id=5036, stack(0x000000f53cb00000,0x000000f53cc00000)]
  0x000002f08c50edf0 JavaThread "File lock request listener" [_thread_in_native, id=4468, stack(0x000000f53cc00000,0x000000f53cd00000)]
  0x000002f08c50dec0 JavaThread "Cache worker for file hash cache (C:\Users\DELL\.gradle\caches\8.7\fileHashes)" [_thread_blocked, id=48960, stack(0x000000f53cd00000,0x000000f53ce00000)]
  0x000002f08c50f300 JavaThread "Cache worker for file hash cache (C:\Users\DELL\StudioProjects\Atelier2\.gradle\8.7\fileHashes)" [_thread_blocked, id=48256, stack(0x000000f53cf00000,0x000000f53d000000)]
  0x000002f08c50d4a0 JavaThread "File watcher server" daemon [_thread_in_native, id=36624, stack(0x000000f53d000000,0x000000f53d100000)]
  0x000002f08c50d9b0 JavaThread "File watcher consumer" daemon [_thread_blocked, id=42312, stack(0x000000f53d100000,0x000000f53d200000)]
  0x000002f08d734230 JavaThread "jar transforms" [_thread_blocked, id=15248, stack(0x000000f53d200000,0x000000f53d300000)]
  0x000002f08d739330 JavaThread "jar transforms Thread 2" [_thread_blocked, id=16324, stack(0x000000f53d300000,0x000000f53d400000)]
  0x000002f08d739840 JavaThread "jar transforms Thread 3" [_thread_blocked, id=49116, stack(0x000000f53d400000,0x000000f53d500000)]
  0x000002f08d736090 JavaThread "jar transforms Thread 4" [_thread_blocked, id=9124, stack(0x000000f53d500000,0x000000f53d600000)]
  0x000002f08d736fc0 JavaThread "jar transforms Thread 5" [_thread_blocked, id=42496, stack(0x000000f53d600000,0x000000f53d700000)]
  0x000002f08d7323d0 JavaThread "jar transforms Thread 6" [_thread_blocked, id=47312, stack(0x000000f53d700000,0x000000f53d800000)]
  0x000002f08d739d50 JavaThread "jar transforms Thread 7" [_thread_blocked, id=2804, stack(0x000000f53d800000,0x000000f53d900000)]
  0x000002f08d7328e0 JavaThread "jar transforms Thread 8" [_thread_blocked, id=42920, stack(0x000000f53d900000,0x000000f53da00000)]
  0x000002f08d735b80 JavaThread "Cache worker for checksums cache (C:\Users\DELL\StudioProjects\Atelier2\.gradle\8.7\checksums)" [_thread_blocked, id=28688, stack(0x000000f53db00000,0x000000f53dc00000)]
  0x000002f08d732df0 JavaThread "Cache worker for cache directory md-supplier (C:\Users\DELL\.gradle\caches\8.7\md-supplier)" [_thread_blocked, id=46088, stack(0x000000f53dc00000,0x000000f53dd00000)]
  0x000002f08d733300 JavaThread "Cache worker for cache directory md-rule (C:\Users\DELL\.gradle\caches\8.7\md-rule)" [_thread_blocked, id=40124, stack(0x000000f53dd00000,0x000000f53de00000)]
  0x000002f08d734740 JavaThread "Cache worker for file content cache (C:\Users\DELL\.gradle\caches\8.7\fileContent)" [_thread_blocked, id=33604, stack(0x000000f53de00000,0x000000f53df00000)]
  0x000002f08d7365a0 JavaThread "File lock release action executor" [_thread_blocked, id=40272, stack(0x000000f53df00000,0x000000f53e000000)]
  0x000002f08d735160 JavaThread "Unconstrained build operations" [_thread_blocked, id=16460, stack(0x000000f53ce00000,0x000000f53cf00000)]
  0x000002f08d736ab0 JavaThread "Unconstrained build operations Thread 2" [_thread_blocked, id=5628, stack(0x000000f53e000000,0x000000f53e100000)]
  0x000002f08d735670 JavaThread "Unconstrained build operations Thread 3" [_thread_blocked, id=53624, stack(0x000000f53e200000,0x000000f53e300000)]
  0x000002f08d738400 JavaThread "Unconstrained build operations Thread 4" [_thread_blocked, id=41060, stack(0x000000f53e300000,0x000000f53e400000)]
  0x000002f08d7374d0 JavaThread "Unconstrained build operations Thread 5" [_thread_blocked, id=52528, stack(0x000000f53e400000,0x000000f53e500000)]
  0x000002f08d7379e0 JavaThread "Unconstrained build operations Thread 6" [_thread_blocked, id=34456, stack(0x000000f53e500000,0x000000f53e600000)]
  0x000002f08d733d20 JavaThread "Unconstrained build operations Thread 7" [_thread_blocked, id=34292, stack(0x000000f53e600000,0x000000f53e700000)]
  0x000002f08d737ef0 JavaThread "Unconstrained build operations Thread 8" [_thread_blocked, id=42084, stack(0x000000f53e700000,0x000000f53e800000)]
  0x000002f08d738910 JavaThread "Unconstrained build operations Thread 9" [_thread_blocked, id=57576, stack(0x000000f53e800000,0x000000f53e900000)]

Other Threads:
  0x000002f0fff71c50 VMThread "VM Thread" [stack: 0x000000f53ab00000,0x000000f53ac00000] [id=41808]
  0x000002f0863d70a0 WatcherThread [stack: 0x000000f53b800000,0x000000f53b900000] [id=50236]
  0x000002f0ec14e670 GCTaskThread "GC Thread#0" [stack: 0x000000f53a600000,0x000000f53a700000] [id=20044]
  0x000002f08bfc9d00 GCTaskThread "GC Thread#1" [stack: 0x000000f53ba00000,0x000000f53bb00000] [id=40884]
  0x000002f08bfbf600 GCTaskThread "GC Thread#2" [stack: 0x000000f53bb00000,0x000000f53bc00000] [id=36172]
  0x000002f08bde2be0 GCTaskThread "GC Thread#3" [stack: 0x000000f53bc00000,0x000000f53bd00000] [id=10100]
  0x000002f08697c680 GCTaskThread "GC Thread#4" [stack: 0x000000f53bd00000,0x000000f53be00000] [id=41796]
  0x000002f08c087af0 GCTaskThread "GC Thread#5" [stack: 0x000000f53c700000,0x000000f53c800000] [id=52988]
  0x000002f08be5b200 GCTaskThread "GC Thread#6" [stack: 0x000000f53c800000,0x000000f53c900000] [id=18180]
  0x000002f08c3588e0 GCTaskThread "GC Thread#7" [stack: 0x000000f53c900000,0x000000f53ca00000] [id=8396]
  0x000002f0ec15f4d0 ConcurrentGCThread "G1 Main Marker" [stack: 0x000000f53a700000,0x000000f53a800000] [id=23560]
  0x000002f0ec15fe00 ConcurrentGCThread "G1 Conc#0" [stack: 0x000000f53a800000,0x000000f53a900000] [id=27456]
  0x000002f08c123150 ConcurrentGCThread "G1 Conc#1" [stack: 0x000000f53ca00000,0x000000f53cb00000] [id=45428]
  0x000002f0ffdb80f0 ConcurrentGCThread "G1 Refine#0" [stack: 0x000000f53a900000,0x000000f53aa00000] [id=33884]
  0x000002f08c7ba650 ConcurrentGCThread "G1 Refine#1" [stack: 0x000000f53da00000,0x000000f53db00000] [id=6248]
  0x000002f08c6ffc60 ConcurrentGCThread "G1 Refine#2" [stack: 0x000000f53e100000,0x000000f53e200000] [id=35964]
  0x000002f08c6fff50 ConcurrentGCThread "G1 Refine#3" [stack: 0x000000f53e900000,0x000000f53ea00000] [id=24584]
  0x000002f08c700240 ConcurrentGCThread "G1 Refine#4" [stack: 0x000000f53ea00000,0x000000f53eb00000] [id=36468]
  0x000002f08bab1450 ConcurrentGCThread "G1 Refine#5" [stack: 0x000000f53eb00000,0x000000f53ec00000] [id=58204]
  0x000002f0ffdb9940 ConcurrentGCThread "G1 Service" [stack: 0x000000f53aa00000,0x000000f53ab00000] [id=30832]

Threads with active compile tasks:
C2 CompilerThread0    69381 9819   !   4       java.net.URLClassLoader::findClass (47 bytes)

VM state: not at safepoint (normal execution)

VM Mutex/Monitor currently owned by a thread: None

Heap address: 0x0000000080000000, size: 2048 MB, Compressed Oops mode: 32-bit

CDS archive(s) not mapped
Compressed class space mapped at: 0x0000000100000000-0x0000000140000000, reserved size: 1073741824
Narrow klass base: 0x0000000000000000, Narrow klass shift: 3, Narrow klass range: 0x140000000

GC Precious Log:
 CPUs: 8 total, 8 available
 Memory: 7918M
 Large Page Support: Disabled
 NUMA Support: Disabled
 Compressed Oops: Enabled (32-bit)
 Heap Region Size: 1M
 Heap Min Capacity: 8M
 Heap Initial Capacity: 124M
 Heap Max Capacity: 2G
 Pre-touch: Disabled
 Parallel Workers: 8
 Concurrent Workers: 2
 Concurrent Refinement Workers: 8
 Periodic GC: Disabled

Heap:
 garbage-first heap   total 243712K, used 170853K [0x0000000080000000, 0x0000000100000000)
  region size 1024K, 65 young (66560K), 8 survivors (8192K)
 Metaspace       used 117489K, committed 118144K, reserved 1179648K
  class space    used 15067K, committed 15360K, reserved 1048576K

Heap Regions: E=young(eden), S=young(survivor), O=old, HS=humongous(starts), HC=humongous(continues), CS=collection set, F=free, OA=open archive, CA=closed archive, TAMS=top-at-mark-start (previous, next)
|   0|0x0000000080000000, 0x0000000080100000, 0x0000000080100000|100%|HS|  |TAMS 0x0000000080100000, 0x0000000080000000| Complete 
|   1|0x0000000080100000, 0x0000000080200000, 0x0000000080200000|100%|HC|  |TAMS 0x0000000080200000, 0x0000000080100000| Complete 
|   2|0x0000000080200000, 0x0000000080300000, 0x0000000080300000|100%|HC|  |TAMS 0x0000000080300000, 0x0000000080200000| Complete 
|   3|0x0000000080300000, 0x0000000080400000, 0x0000000080400000|100%|HC|  |TAMS 0x0000000080400000, 0x0000000080300000| Complete 
|   4|0x0000000080400000, 0x0000000080500000, 0x0000000080500000|100%| O|  |TAMS 0x0000000080500000, 0x0000000080400000| Untracked 
|   5|0x0000000080500000, 0x0000000080600000, 0x0000000080600000|100%| O|  |TAMS 0x0000000080600000, 0x0000000080500000| Untracked 
|   6|0x0000000080600000, 0x0000000080700000, 0x0000000080700000|100%| O|  |TAMS 0x0000000080700000, 0x0000000080600000| Untracked 
|   7|0x0000000080700000, 0x0000000080800000, 0x0000000080800000|100%| O|  |TAMS 0x0000000080800000, 0x0000000080700000| Untracked 
|   8|0x0000000080800000, 0x0000000080900000, 0x0000000080900000|100%| O|  |TAMS 0x0000000080900000, 0x0000000080800000| Untracked 
|   9|0x0000000080900000, 0x0000000080a00000, 0x0000000080a00000|100%| O|  |TAMS 0x0000000080a00000, 0x0000000080900000| Untracked 
|  10|0x0000000080a00000, 0x0000000080b00000, 0x0000000080b00000|100%| O|  |TAMS 0x0000000080b00000, 0x0000000080a00000| Untracked 
|  11|0x0000000080b00000, 0x0000000080c00000, 0x0000000080c00000|100%| O|  |TAMS 0x0000000080c00000, 0x0000000080b00000| Untracked 
|  12|0x0000000080c00000, 0x0000000080d00000, 0x0000000080d00000|100%| O|  |TAMS 0x0000000080d00000, 0x0000000080c00000| Untracked 
|  13|0x0000000080d00000, 0x0000000080e00000, 0x0000000080e00000|100%| O|  |TAMS 0x0000000080e00000, 0x0000000080d00000| Untracked 
|  14|0x0000000080e00000, 0x0000000080f00000, 0x0000000080f00000|100%| O|  |TAMS 0x0000000080f00000, 0x0000000080e00000| Untracked 
|  15|0x0000000080f00000, 0x0000000081000000, 0x0000000081000000|100%| O|  |TAMS 0x0000000081000000, 0x0000000080f00000| Untracked 
|  16|0x0000000081000000, 0x0000000081100000, 0x0000000081100000|100%| O|  |TAMS 0x0000000081100000, 0x0000000081000000| Untracked 
|  17|0x0000000081100000, 0x0000000081200000, 0x0000000081200000|100%| O|  |TAMS 0x0000000081200000, 0x0000000081100000| Untracked 
|  18|0x0000000081200000, 0x0000000081300000, 0x0000000081300000|100%| O|  |TAMS 0x0000000081300000, 0x0000000081200000| Untracked 
|  19|0x0000000081300000, 0x0000000081400000, 0x0000000081400000|100%|HS|  |TAMS 0x0000000081400000, 0x0000000081300000| Complete 
|  20|0x0000000081400000, 0x0000000081500000, 0x0000000081500000|100%|HC|  |TAMS 0x0000000081500000, 0x0000000081400000| Complete 
|  21|0x0000000081500000, 0x0000000081600000, 0x0000000081600000|100%|HC|  |TAMS 0x0000000081600000, 0x0000000081500000| Complete 
|  22|0x0000000081600000, 0x0000000081700000, 0x0000000081700000|100%|HC|  |TAMS 0x0000000081700000, 0x0000000081600000| Complete 
|  23|0x0000000081700000, 0x0000000081800000, 0x0000000081800000|100%|HC|  |TAMS 0x0000000081800000, 0x0000000081700000| Complete 
|  24|0x0000000081800000, 0x0000000081900000, 0x0000000081900000|100%|HS|  |TAMS 0x0000000081900000, 0x0000000081800000| Complete 
|  25|0x0000000081900000, 0x0000000081a00000, 0x0000000081a00000|100%|HC|  |TAMS 0x0000000081a00000, 0x0000000081900000| Complete 
|  26|0x0000000081a00000, 0x0000000081b00000, 0x0000000081b00000|100%|HC|  |TAMS 0x0000000081b00000, 0x0000000081a00000| Complete 
|  27|0x0000000081b00000, 0x0000000081c00000, 0x0000000081c00000|100%|HS|  |TAMS 0x0000000081c00000, 0x0000000081b00000| Complete 
|  28|0x0000000081c00000, 0x0000000081d00000, 0x0000000081d00000|100%|HC|  |TAMS 0x0000000081d00000, 0x0000000081c00000| Complete 
|  29|0x0000000081d00000, 0x0000000081e00000, 0x0000000081e00000|100%|HC|  |TAMS 0x0000000081e00000, 0x0000000081d00000| Complete 
|  30|0x0000000081e00000, 0x0000000081f00000, 0x0000000081f00000|100%| O|  |TAMS 0x0000000081f00000, 0x0000000081e00000| Untracked 
|  31|0x0000000081f00000, 0x0000000082000000, 0x0000000082000000|100%| O|  |TAMS 0x0000000082000000, 0x0000000081f00000| Untracked 
|  32|0x0000000082000000, 0x0000000082100000, 0x0000000082100000|100%| O|  |TAMS 0x0000000082100000, 0x0000000082000000| Untracked 
|  33|0x0000000082100000, 0x0000000082200000, 0x0000000082200000|100%| O|  |TAMS 0x0000000082200000, 0x0000000082100000| Untracked 
|  34|0x0000000082200000, 0x0000000082300000, 0x0000000082300000|100%|HS|  |TAMS 0x0000000082300000, 0x0000000082200000| Complete 
|  35|0x0000000082300000, 0x0000000082400000, 0x0000000082400000|100%| O|  |TAMS 0x0000000082400000, 0x0000000082300000| Untracked 
|  36|0x0000000082400000, 0x0000000082500000, 0x0000000082500000|100%| O|  |TAMS 0x0000000082500000, 0x0000000082400000| Untracked 
|  37|0x0000000082500000, 0x0000000082600000, 0x0000000082600000|100%| O|  |TAMS 0x0000000082600000, 0x0000000082500000| Untracked 
|  38|0x0000000082600000, 0x0000000082700000, 0x0000000082700000|100%| O|  |TAMS 0x0000000082700000, 0x0000000082600000| Untracked 
|  39|0x0000000082700000, 0x0000000082800000, 0x0000000082800000|100%| O|  |TAMS 0x0000000082800000, 0x0000000082700000| Untracked 
|  40|0x0000000082800000, 0x0000000082900000, 0x0000000082900000|100%| O|  |TAMS 0x0000000082900000, 0x0000000082800000| Untracked 
|  41|0x0000000082900000, 0x0000000082a00000, 0x0000000082a00000|100%| O|  |TAMS 0x0000000082a00000, 0x0000000082900000| Untracked 
|  42|0x0000000082a00000, 0x0000000082b00000, 0x0000000082b00000|100%| O|  |TAMS 0x0000000082b00000, 0x0000000082a00000| Untracked 
|  43|0x0000000082b00000, 0x0000000082c00000, 0x0000000082c00000|100%| O|  |TAMS 0x0000000082c00000, 0x0000000082b00000| Untracked 
|  44|0x0000000082c00000, 0x0000000082d00000, 0x0000000082d00000|100%| O|  |TAMS 0x0000000082d00000, 0x0000000082c00000| Untracked 
|  45|0x0000000082d00000, 0x0000000082e00000, 0x0000000082e00000|100%| O|  |TAMS 0x0000000082e00000, 0x0000000082d00000| Untracked 
|  46|0x0000000082e00000, 0x0000000082f00000, 0x0000000082f00000|100%|HS|  |TAMS 0x0000000082f00000, 0x0000000082e00000| Complete 
|  47|0x0000000082f00000, 0x0000000083000000, 0x0000000083000000|100%|HC|  |TAMS 0x0000000083000000, 0x0000000082f00000| Complete 
|  48|0x0000000083000000, 0x0000000083100000, 0x0000000083100000|100%|HC|  |TAMS 0x0000000083100000, 0x0000000083000000| Complete 
|  49|0x0000000083100000, 0x0000000083200000, 0x0000000083200000|100%| O|  |TAMS 0x0000000083200000, 0x0000000083100000| Untracked 
|  50|0x0000000083200000, 0x0000000083300000, 0x0000000083300000|100%| O|  |TAMS 0x0000000083300000, 0x0000000083200000| Untracked 
|  51|0x0000000083300000, 0x0000000083400000, 0x0000000083400000|100%|HS|  |TAMS 0x0000000083400000, 0x0000000083300000| Complete 
|  52|0x0000000083400000, 0x0000000083500000, 0x0000000083500000|100%|HC|  |TAMS 0x0000000083500000, 0x0000000083400000| Complete 
|  53|0x0000000083500000, 0x0000000083600000, 0x0000000083600000|100%|HC|  |TAMS 0x0000000083600000, 0x0000000083500000| Complete 
|  54|0x0000000083600000, 0x0000000083700000, 0x0000000083700000|100%|HC|  |TAMS 0x0000000083700000, 0x0000000083600000| Complete 
|  55|0x0000000083700000, 0x0000000083800000, 0x0000000083800000|100%|HC|  |TAMS 0x0000000083800000, 0x0000000083700000| Complete 
|  56|0x0000000083800000, 0x0000000083900000, 0x0000000083900000|100%| O|  |TAMS 0x0000000083900000, 0x0000000083800000| Untracked 
|  57|0x0000000083900000, 0x0000000083a00000, 0x0000000083a00000|100%| O|  |TAMS 0x0000000083a00000, 0x0000000083900000| Untracked 
|  58|0x0000000083a00000, 0x0000000083b00000, 0x0000000083b00000|100%| O|  |TAMS 0x0000000083b00000, 0x0000000083a00000| Untracked 
|  59|0x0000000083b00000, 0x0000000083c00000, 0x0000000083c00000|100%| O|  |TAMS 0x0000000083c00000, 0x0000000083b00000| Untracked 
|  60|0x0000000083c00000, 0x0000000083d00000, 0x0000000083d00000|100%| O|  |TAMS 0x0000000083d00000, 0x0000000083c00000| Untracked 
|  61|0x0000000083d00000, 0x0000000083e00000, 0x0000000083e00000|100%| O|  |TAMS 0x0000000083e00000, 0x0000000083d00000| Untracked 
|  62|0x0000000083e00000, 0x0000000083f00000, 0x0000000083f00000|100%| O|  |TAMS 0x0000000083f00000, 0x0000000083e00000| Untracked 
|  63|0x0000000083f00000, 0x0000000084000000, 0x0000000084000000|100%|HS|  |TAMS 0x0000000084000000, 0x0000000083f00000| Complete 
|  64|0x0000000084000000, 0x0000000084100000, 0x0000000084100000|100%|HC|  |TAMS 0x0000000084100000, 0x0000000084000000| Complete 
|  65|0x0000000084100000, 0x0000000084200000, 0x0000000084200000|100%|HC|  |TAMS 0x0000000084200000, 0x0000000084100000| Complete 
|  66|0x0000000084200000, 0x0000000084300000, 0x0000000084300000|100%|HC|  |TAMS 0x0000000084300000, 0x0000000084200000| Complete 
|  67|0x0000000084300000, 0x0000000084400000, 0x0000000084400000|100%|HC|  |TAMS 0x0000000084400000, 0x0000000084300000| Complete 
|  68|0x0000000084400000, 0x0000000084500000, 0x0000000084500000|100%| O|  |TAMS 0x0000000084500000, 0x0000000084400000| Untracked 
|  69|0x0000000084500000, 0x0000000084600000, 0x0000000084600000|100%| O|  |TAMS 0x0000000084600000, 0x0000000084500000| Untracked 
|  70|0x0000000084600000, 0x0000000084700000, 0x0000000084700000|100%| O|  |TAMS 0x0000000084700000, 0x0000000084600000| Untracked 
|  71|0x0000000084700000, 0x0000000084800000, 0x0000000084800000|100%| O|  |TAMS 0x0000000084800000, 0x0000000084700000| Untracked 
|  72|0x0000000084800000, 0x0000000084900000, 0x0000000084900000|100%| O|  |TAMS 0x0000000084900000, 0x0000000084800000| Untracked 
|  73|0x0000000084900000, 0x0000000084a00000, 0x0000000084a00000|100%| O|  |TAMS 0x0000000084a00000, 0x0000000084900000| Untracked 
|  74|0x0000000084a00000, 0x0000000084b00000, 0x0000000084b00000|100%| O|  |TAMS 0x0000000084b00000, 0x0000000084a00000| Untracked 
|  75|0x0000000084b00000, 0x0000000084c00000, 0x0000000084c00000|100%| O|  |TAMS 0x0000000084c00000, 0x0000000084b00000| Untracked 
|  76|0x0000000084c00000, 0x0000000084d00000, 0x0000000084d00000|100%| O|  |TAMS 0x0000000084d00000, 0x0000000084c00000| Untracked 
|  77|0x0000000084d00000, 0x0000000084e00000, 0x0000000084e00000|100%| O|  |TAMS 0x0000000084e00000, 0x0000000084d00000| Untracked 
|  78|0x0000000084e00000, 0x0000000084f00000, 0x0000000084f00000|100%| O|  |TAMS 0x0000000084f00000, 0x0000000084e00000| Untracked 
|  79|0x0000000084f00000, 0x0000000085000000, 0x0000000085000000|100%| O|  |TAMS 0x0000000085000000, 0x0000000084f00000| Untracked 
|  80|0x0000000085000000, 0x0000000085100000, 0x0000000085100000|100%| O|  |TAMS 0x0000000085100000, 0x0000000085000000| Untracked 
|  81|0x0000000085100000, 0x0000000085200000, 0x0000000085200000|100%| O|  |TAMS 0x0000000085200000, 0x0000000085100000| Complete 
|  82|0x0000000085200000, 0x0000000085300000, 0x0000000085300000|100%| O|  |TAMS 0x0000000085300000, 0x0000000085200000| Complete 
|  83|0x0000000085300000, 0x0000000085400000, 0x0000000085400000|100%|HS|  |TAMS 0x0000000085400000, 0x0000000085300000| Complete 
|  84|0x0000000085400000, 0x0000000085500000, 0x0000000085500000|100%|HC|  |TAMS 0x0000000085500000, 0x0000000085400000| Complete 
|  85|0x0000000085500000, 0x0000000085600000, 0x0000000085600000|100%|HC|  |TAMS 0x0000000085600000, 0x0000000085500000| Complete 
|  86|0x0000000085600000, 0x0000000085700000, 0x0000000085700000|100%|HC|  |TAMS 0x0000000085700000, 0x0000000085600000| Complete 
|  87|0x0000000085700000, 0x0000000085800000, 0x0000000085800000|100%|HC|  |TAMS 0x0000000085800000, 0x0000000085700000| Complete 
|  88|0x0000000085800000, 0x0000000085900000, 0x0000000085900000|100%|HC|  |TAMS 0x0000000085900000, 0x0000000085800000| Complete 
|  89|0x0000000085900000, 0x0000000085a00000, 0x0000000085a00000|100%|HS|  |TAMS 0x0000000085a00000, 0x0000000085900000| Complete 
|  90|0x0000000085a00000, 0x0000000085b00000, 0x0000000085b00000|100%| O|  |TAMS 0x0000000085b00000, 0x0000000085a00000| Untracked 
|  91|0x0000000085b00000, 0x0000000085c00000, 0x0000000085c00000|100%| O|  |TAMS 0x0000000085c00000, 0x0000000085b00000| Untracked 
|  92|0x0000000085c00000, 0x0000000085d00000, 0x0000000085d00000|100%| O|  |TAMS 0x0000000085d00000, 0x0000000085c00000| Untracked 
|  93|0x0000000085d00000, 0x0000000085e00000, 0x0000000085e00000|100%| O|  |TAMS 0x0000000085e00000, 0x0000000085d00000| Untracked 
|  94|0x0000000085e00000, 0x0000000085f00000, 0x0000000085f00000|100%| O|  |TAMS 0x0000000085f00000, 0x0000000085e00000| Untracked 
|  95|0x0000000085f00000, 0x0000000086000000, 0x0000000086000000|100%| O|  |TAMS 0x0000000086000000, 0x0000000085f00000| Untracked 
|  96|0x0000000086000000, 0x0000000086100000, 0x0000000086100000|100%| O|  |TAMS 0x000000008605c400, 0x0000000086000000| Untracked 
|  97|0x0000000086100000, 0x0000000086100000, 0x0000000086200000|  0%| F|  |TAMS 0x0000000086100000, 0x0000000086100000| Untracked 
|  98|0x0000000086200000, 0x0000000086300000, 0x0000000086300000|100%| O|  |TAMS 0x0000000086200000, 0x0000000086200000| Untracked 
|  99|0x0000000086300000, 0x0000000086400000, 0x0000000086400000|100%| O|  |TAMS 0x0000000086300000, 0x0000000086300000| Untracked 
| 100|0x0000000086400000, 0x0000000086500000, 0x0000000086500000|100%| O|  |TAMS 0x0000000086400000, 0x0000000086400000| Untracked 
| 101|0x0000000086500000, 0x0000000086600000, 0x0000000086600000|100%| O|  |TAMS 0x0000000086500000, 0x0000000086500000| Untracked 
| 102|0x0000000086600000, 0x0000000086700000, 0x0000000086700000|100%| O|  |TAMS 0x0000000086600000, 0x0000000086600000| Untracked 
| 103|0x0000000086700000, 0x00000000867e7e00, 0x0000000086800000| 90%| O|  |TAMS 0x0000000086700000, 0x0000000086700000| Untracked 
| 104|0x0000000086800000, 0x0000000086800000, 0x0000000086900000|  0%| F|  |TAMS 0x0000000086800000, 0x0000000086800000| Untracked 
| 105|0x0000000086900000, 0x0000000086900000, 0x0000000086a00000|  0%| F|  |TAMS 0x0000000086900000, 0x0000000086900000| Untracked 
| 106|0x0000000086a00000, 0x0000000086a00000, 0x0000000086b00000|  0%| F|  |TAMS 0x0000000086a00000, 0x0000000086a00000| Untracked 
| 107|0x0000000086b00000, 0x0000000086b00000, 0x0000000086c00000|  0%| F|  |TAMS 0x0000000086b00000, 0x0000000086b00000| Untracked 
| 108|0x0000000086c00000, 0x0000000086c00000, 0x0000000086d00000|  0%| F|  |TAMS 0x0000000086c00000, 0x0000000086c00000| Untracked 
| 109|0x0000000086d00000, 0x0000000086d00000, 0x0000000086e00000|  0%| F|  |TAMS 0x0000000086d00000, 0x0000000086d00000| Untracked 
| 110|0x0000000086e00000, 0x0000000086e00000, 0x0000000086f00000|  0%| F|  |TAMS 0x0000000086e00000, 0x0000000086e00000| Untracked 
| 111|0x0000000086f00000, 0x0000000086f00000, 0x0000000087000000|  0%| F|  |TAMS 0x0000000086f00000, 0x0000000086f00000| Untracked 
| 112|0x0000000087000000, 0x0000000087000000, 0x0000000087100000|  0%| F|  |TAMS 0x0000000087000000, 0x0000000087000000| Untracked 
| 113|0x0000000087100000, 0x0000000087100000, 0x0000000087200000|  0%| F|  |TAMS 0x0000000087100000, 0x0000000087100000| Untracked 
| 114|0x0000000087200000, 0x0000000087200000, 0x0000000087300000|  0%| F|  |TAMS 0x0000000087200000, 0x0000000087200000| Untracked 
| 115|0x0000000087300000, 0x0000000087300000, 0x0000000087400000|  0%| F|  |TAMS 0x0000000087300000, 0x0000000087300000| Untracked 
| 116|0x0000000087400000, 0x0000000087400000, 0x0000000087500000|  0%| F|  |TAMS 0x0000000087400000, 0x0000000087400000| Untracked 
| 117|0x0000000087500000, 0x0000000087500000, 0x0000000087600000|  0%| F|  |TAMS 0x0000000087500000, 0x0000000087500000| Untracked 
| 118|0x0000000087600000, 0x0000000087600000, 0x0000000087700000|  0%| F|  |TAMS 0x0000000087600000, 0x0000000087600000| Untracked 
| 119|0x0000000087700000, 0x0000000087700000, 0x0000000087800000|  0%| F|  |TAMS 0x0000000087700000, 0x0000000087700000| Untracked 
| 120|0x0000000087800000, 0x0000000087800000, 0x0000000087900000|  0%| F|  |TAMS 0x0000000087800000, 0x0000000087800000| Untracked 
| 121|0x0000000087900000, 0x0000000087900000, 0x0000000087a00000|  0%| F|  |TAMS 0x0000000087900000, 0x0000000087900000| Untracked 
| 122|0x0000000087a00000, 0x0000000087a00000, 0x0000000087b00000|  0%| F|  |TAMS 0x0000000087a00000, 0x0000000087a00000| Untracked 
| 123|0x0000000087b00000, 0x0000000087b00000, 0x0000000087c00000|  0%| F|  |TAMS 0x0000000087b00000, 0x0000000087b00000| Untracked 
| 124|0x0000000087c00000, 0x0000000087c00000, 0x0000000087d00000|  0%| F|  |TAMS 0x0000000087c00000, 0x0000000087c00000| Untracked 
| 125|0x0000000087d00000, 0x0000000087d00000, 0x0000000087e00000|  0%| F|  |TAMS 0x0000000087d00000, 0x0000000087d00000| Untracked 
| 126|0x0000000087e00000, 0x0000000087e00000, 0x0000000087f00000|  0%| F|  |TAMS 0x0000000087e00000, 0x0000000087e00000| Untracked 
| 127|0x0000000087f00000, 0x0000000087f00000, 0x0000000088000000|  0%| F|  |TAMS 0x0000000087f00000, 0x0000000087f00000| Untracked 
| 128|0x0000000088000000, 0x0000000088000000, 0x0000000088100000|  0%| F|  |TAMS 0x0000000088000000, 0x0000000088000000| Untracked 
| 129|0x0000000088100000, 0x0000000088100000, 0x0000000088200000|  0%| F|  |TAMS 0x0000000088100000, 0x0000000088100000| Untracked 
| 130|0x0000000088200000, 0x0000000088200000, 0x0000000088300000|  0%| F|  |TAMS 0x0000000088200000, 0x0000000088200000| Untracked 
| 131|0x0000000088300000, 0x0000000088300000, 0x0000000088400000|  0%| F|  |TAMS 0x0000000088300000, 0x0000000088300000| Untracked 
| 132|0x0000000088400000, 0x0000000088400000, 0x0000000088500000|  0%| F|  |TAMS 0x0000000088400000, 0x0000000088400000| Untracked 
| 133|0x0000000088500000, 0x0000000088500000, 0x0000000088600000|  0%| F|  |TAMS 0x0000000088500000, 0x0000000088500000| Untracked 
| 134|0x0000000088600000, 0x0000000088600000, 0x0000000088700000|  0%| F|  |TAMS 0x0000000088600000, 0x0000000088600000| Untracked 
| 135|0x0000000088700000, 0x0000000088700000, 0x0000000088800000|  0%| F|  |TAMS 0x0000000088700000, 0x0000000088700000| Untracked 
| 136|0x0000000088800000, 0x0000000088800000, 0x0000000088900000|  0%| F|  |TAMS 0x0000000088800000, 0x0000000088800000| Untracked 
| 137|0x0000000088900000, 0x0000000088900000, 0x0000000088a00000|  0%| F|  |TAMS 0x0000000088900000, 0x0000000088900000| Untracked 
| 138|0x0000000088a00000, 0x0000000088a00000, 0x0000000088b00000|  0%| F|  |TAMS 0x0000000088a00000, 0x0000000088a00000| Untracked 
| 139|0x0000000088b00000, 0x0000000088b00000, 0x0000000088c00000|  0%| F|  |TAMS 0x0000000088b00000, 0x0000000088b00000| Untracked 
| 140|0x0000000088c00000, 0x0000000088c00000, 0x0000000088d00000|  0%| F|  |TAMS 0x0000000088c00000, 0x0000000088c00000| Untracked 
| 141|0x0000000088d00000, 0x0000000088d00000, 0x0000000088e00000|  0%| F|  |TAMS 0x0000000088d00000, 0x0000000088d00000| Untracked 
| 142|0x0000000088e00000, 0x0000000088e00000, 0x0000000088f00000|  0%| F|  |TAMS 0x0000000088e00000, 0x0000000088e00000| Untracked 
| 143|0x0000000088f00000, 0x0000000088f00000, 0x0000000089000000|  0%| F|  |TAMS 0x0000000088f00000, 0x0000000088f00000| Untracked 
| 144|0x0000000089000000, 0x0000000089000000, 0x0000000089100000|  0%| F|  |TAMS 0x0000000089000000, 0x0000000089000000| Untracked 
| 145|0x0000000089100000, 0x0000000089100000, 0x0000000089200000|  0%| F|  |TAMS 0x0000000089100000, 0x0000000089100000| Untracked 
| 146|0x0000000089200000, 0x0000000089200000, 0x0000000089300000|  0%| F|  |TAMS 0x0000000089200000, 0x0000000089200000| Untracked 
| 147|0x0000000089300000, 0x0000000089300000, 0x0000000089400000|  0%| F|  |TAMS 0x0000000089300000, 0x0000000089300000| Untracked 
| 148|0x0000000089400000, 0x0000000089400000, 0x0000000089500000|  0%| F|  |TAMS 0x0000000089400000, 0x0000000089400000| Untracked 
| 149|0x0000000089500000, 0x0000000089500000, 0x0000000089600000|  0%| F|  |TAMS 0x0000000089500000, 0x0000000089500000| Untracked 
| 150|0x0000000089600000, 0x0000000089600000, 0x0000000089700000|  0%| F|  |TAMS 0x0000000089600000, 0x0000000089600000| Untracked 
| 151|0x0000000089700000, 0x0000000089700000, 0x0000000089800000|  0%| F|  |TAMS 0x0000000089700000, 0x0000000089700000| Untracked 
| 152|0x0000000089800000, 0x0000000089800000, 0x0000000089900000|  0%| F|  |TAMS 0x0000000089800000, 0x0000000089800000| Untracked 
| 153|0x0000000089900000, 0x0000000089900000, 0x0000000089a00000|  0%| F|  |TAMS 0x0000000089900000, 0x0000000089900000| Untracked 
| 154|0x0000000089a00000, 0x0000000089a00000, 0x0000000089b00000|  0%| F|  |TAMS 0x0000000089a00000, 0x0000000089a00000| Untracked 
| 155|0x0000000089b00000, 0x0000000089b00000, 0x0000000089c00000|  0%| F|  |TAMS 0x0000000089b00000, 0x0000000089b00000| Untracked 
| 156|0x0000000089c00000, 0x0000000089c00000, 0x0000000089d00000|  0%| F|  |TAMS 0x0000000089c00000, 0x0000000089c00000| Untracked 
| 157|0x0000000089d00000, 0x0000000089d00000, 0x0000000089e00000|  0%| F|  |TAMS 0x0000000089d00000, 0x0000000089d00000| Untracked 
| 158|0x0000000089e00000, 0x0000000089ef1980, 0x0000000089f00000| 94%| S|CS|TAMS 0x0000000089e00000, 0x0000000089e00000| Complete 
| 159|0x0000000089f00000, 0x000000008a000000, 0x000000008a000000|100%| S|CS|TAMS 0x0000000089f00000, 0x0000000089f00000| Complete 
| 160|0x000000008a000000, 0x000000008a100000, 0x000000008a100000|100%| S|CS|TAMS 0x000000008a000000, 0x000000008a000000| Complete 
| 161|0x000000008a100000, 0x000000008a200000, 0x000000008a200000|100%| S|CS|TAMS 0x000000008a100000, 0x000000008a100000| Complete 
| 162|0x000000008a200000, 0x000000008a300000, 0x000000008a300000|100%| S|CS|TAMS 0x000000008a200000, 0x000000008a200000| Complete 
| 163|0x000000008a300000, 0x000000008a400000, 0x000000008a400000|100%| S|CS|TAMS 0x000000008a300000, 0x000000008a300000| Complete 
| 164|0x000000008a400000, 0x000000008a500000, 0x000000008a500000|100%| S|CS|TAMS 0x000000008a400000, 0x000000008a400000| Complete 
| 165|0x000000008a500000, 0x000000008a600000, 0x000000008a600000|100%| S|CS|TAMS 0x000000008a500000, 0x000000008a500000| Complete 
| 166|0x000000008a600000, 0x000000008a600000, 0x000000008a700000|  0%| F|  |TAMS 0x000000008a600000, 0x000000008a600000| Untracked 
| 167|0x000000008a700000, 0x000000008a700000, 0x000000008a800000|  0%| F|  |TAMS 0x000000008a700000, 0x000000008a700000| Untracked 
| 168|0x000000008a800000, 0x000000008a800000, 0x000000008a900000|  0%| F|  |TAMS 0x000000008a800000, 0x000000008a800000| Untracked 
| 169|0x000000008a900000, 0x000000008a900000, 0x000000008aa00000|  0%| F|  |TAMS 0x000000008a900000, 0x000000008a900000| Untracked 
| 170|0x000000008aa00000, 0x000000008aa00000, 0x000000008ab00000|  0%| F|  |TAMS 0x000000008aa00000, 0x000000008aa00000| Untracked 
| 171|0x000000008ab00000, 0x000000008ab00000, 0x000000008ac00000|  0%| F|  |TAMS 0x000000008ab00000, 0x000000008ab00000| Untracked 
| 172|0x000000008ac00000, 0x000000008ac00000, 0x000000008ad00000|  0%| F|  |TAMS 0x000000008ac00000, 0x000000008ac00000| Untracked 
| 173|0x000000008ad00000, 0x000000008ad00000, 0x000000008ae00000|  0%| F|  |TAMS 0x000000008ad00000, 0x000000008ad00000| Untracked 
| 174|0x000000008ae00000, 0x000000008ae00000, 0x000000008af00000|  0%| F|  |TAMS 0x000000008ae00000, 0x000000008ae00000| Untracked 
| 175|0x000000008af00000, 0x000000008af00000, 0x000000008b000000|  0%| F|  |TAMS 0x000000008af00000, 0x000000008af00000| Untracked 
| 176|0x000000008b000000, 0x000000008b000000, 0x000000008b100000|  0%| F|  |TAMS 0x000000008b000000, 0x000000008b000000| Untracked 
| 177|0x000000008b100000, 0x000000008b100000, 0x000000008b200000|  0%| F|  |TAMS 0x000000008b100000, 0x000000008b100000| Untracked 
| 178|0x000000008b200000, 0x000000008b200000, 0x000000008b300000|  0%| F|  |TAMS 0x000000008b200000, 0x000000008b200000| Untracked 
| 179|0x000000008b300000, 0x000000008b300000, 0x000000008b400000|  0%| F|  |TAMS 0x000000008b300000, 0x000000008b300000| Untracked 
| 180|0x000000008b400000, 0x000000008b400000, 0x000000008b500000|  0%| F|  |TAMS 0x000000008b400000, 0x000000008b400000| Untracked 
| 181|0x000000008b500000, 0x000000008b600000, 0x000000008b600000|100%| E|  |TAMS 0x000000008b500000, 0x000000008b500000| Complete 
| 182|0x000000008b600000, 0x000000008b700000, 0x000000008b700000|100%| E|CS|TAMS 0x000000008b600000, 0x000000008b600000| Complete 
| 183|0x000000008b700000, 0x000000008b800000, 0x000000008b800000|100%| E|CS|TAMS 0x000000008b700000, 0x000000008b700000| Complete 
| 184|0x000000008b800000, 0x000000008b900000, 0x000000008b900000|100%| E|CS|TAMS 0x000000008b800000, 0x000000008b800000| Complete 
| 185|0x000000008b900000, 0x000000008ba00000, 0x000000008ba00000|100%| E|CS|TAMS 0x000000008b900000, 0x000000008b900000| Complete 
| 186|0x000000008ba00000, 0x000000008bb00000, 0x000000008bb00000|100%| E|CS|TAMS 0x000000008ba00000, 0x000000008ba00000| Complete 
| 187|0x000000008bb00000, 0x000000008bc00000, 0x000000008bc00000|100%| E|CS|TAMS 0x000000008bb00000, 0x000000008bb00000| Complete 
| 188|0x000000008bc00000, 0x000000008bd00000, 0x000000008bd00000|100%| E|CS|TAMS 0x000000008bc00000, 0x000000008bc00000| Complete 
| 189|0x000000008bd00000, 0x000000008be00000, 0x000000008be00000|100%| E|CS|TAMS 0x000000008bd00000, 0x000000008bd00000| Complete 
| 190|0x000000008be00000, 0x000000008bf00000, 0x000000008bf00000|100%| E|CS|TAMS 0x000000008be00000, 0x000000008be00000| Complete 
| 191|0x000000008bf00000, 0x000000008c000000, 0x000000008c000000|100%| E|CS|TAMS 0x000000008bf00000, 0x000000008bf00000| Complete 
| 192|0x000000008c000000, 0x000000008c100000, 0x000000008c100000|100%| E|CS|TAMS 0x000000008c000000, 0x000000008c000000| Complete 
| 193|0x000000008c100000, 0x000000008c200000, 0x000000008c200000|100%| E|CS|TAMS 0x000000008c100000, 0x000000008c100000| Complete 
| 194|0x000000008c200000, 0x000000008c300000, 0x000000008c300000|100%| E|CS|TAMS 0x000000008c200000, 0x000000008c200000| Complete 
| 195|0x000000008c300000, 0x000000008c400000, 0x000000008c400000|100%| E|CS|TAMS 0x000000008c300000, 0x000000008c300000| Complete 
| 196|0x000000008c400000, 0x000000008c500000, 0x000000008c500000|100%| E|CS|TAMS 0x000000008c400000, 0x000000008c400000| Complete 
| 197|0x000000008c500000, 0x000000008c600000, 0x000000008c600000|100%| E|CS|TAMS 0x000000008c500000, 0x000000008c500000| Complete 
| 198|0x000000008c600000, 0x000000008c700000, 0x000000008c700000|100%| E|CS|TAMS 0x000000008c600000, 0x000000008c600000| Complete 
| 199|0x000000008c700000, 0x000000008c800000, 0x000000008c800000|100%| E|CS|TAMS 0x000000008c700000, 0x000000008c700000| Complete 
| 200|0x000000008c800000, 0x000000008c900000, 0x000000008c900000|100%| E|CS|TAMS 0x000000008c800000, 0x000000008c800000| Complete 
| 201|0x000000008c900000, 0x000000008ca00000, 0x000000008ca00000|100%| E|CS|TAMS 0x000000008c900000, 0x000000008c900000| Complete 
| 202|0x000000008ca00000, 0x000000008cb00000, 0x000000008cb00000|100%| E|CS|TAMS 0x000000008ca00000, 0x000000008ca00000| Complete 
| 203|0x000000008cb00000, 0x000000008cc00000, 0x000000008cc00000|100%| E|CS|TAMS 0x000000008cb00000, 0x000000008cb00000| Complete 
| 204|0x000000008cc00000, 0x000000008cd00000, 0x000000008cd00000|100%| E|CS|TAMS 0x000000008cc00000, 0x000000008cc00000| Complete 
| 205|0x000000008cd00000, 0x000000008ce00000, 0x000000008ce00000|100%| E|CS|TAMS 0x000000008cd00000, 0x000000008cd00000| Complete 
| 206|0x000000008ce00000, 0x000000008cf00000, 0x000000008cf00000|100%| E|CS|TAMS 0x000000008ce00000, 0x000000008ce00000| Complete 
| 207|0x000000008cf00000, 0x000000008d000000, 0x000000008d000000|100%| E|CS|TAMS 0x000000008cf00000, 0x000000008cf00000| Complete 
| 208|0x000000008d000000, 0x000000008d100000, 0x000000008d100000|100%| E|CS|TAMS 0x000000008d000000, 0x000000008d000000| Complete 
| 209|0x000000008d100000, 0x000000008d200000, 0x000000008d200000|100%| E|CS|TAMS 0x000000008d100000, 0x000000008d100000| Complete 
| 210|0x000000008d200000, 0x000000008d300000, 0x000000008d300000|100%| E|CS|TAMS 0x000000008d200000, 0x000000008d200000| Complete 
| 211|0x000000008d300000, 0x000000008d400000, 0x000000008d400000|100%| E|CS|TAMS 0x000000008d300000, 0x000000008d300000| Complete 
| 212|0x000000008d400000, 0x000000008d500000, 0x000000008d500000|100%| E|CS|TAMS 0x000000008d400000, 0x000000008d400000| Complete 
| 213|0x000000008d500000, 0x000000008d600000, 0x000000008d600000|100%| E|CS|TAMS 0x000000008d500000, 0x000000008d500000| Complete 
| 214|0x000000008d600000, 0x000000008d700000, 0x000000008d700000|100%| E|CS|TAMS 0x000000008d600000, 0x000000008d600000| Complete 
| 215|0x000000008d700000, 0x000000008d800000, 0x000000008d800000|100%| E|CS|TAMS 0x000000008d700000, 0x000000008d700000| Complete 
| 216|0x000000008d800000, 0x000000008d900000, 0x000000008d900000|100%| E|CS|TAMS 0x000000008d800000, 0x000000008d800000| Complete 
| 217|0x000000008d900000, 0x000000008da00000, 0x000000008da00000|100%| E|CS|TAMS 0x000000008d900000, 0x000000008d900000| Complete 
| 218|0x000000008da00000, 0x000000008db00000, 0x000000008db00000|100%| E|CS|TAMS 0x000000008da00000, 0x000000008da00000| Complete 
| 219|0x000000008db00000, 0x000000008dc00000, 0x000000008dc00000|100%| E|CS|TAMS 0x000000008db00000, 0x000000008db00000| Complete 
| 220|0x000000008dc00000, 0x000000008dd00000, 0x000000008dd00000|100%| E|CS|TAMS 0x000000008dc00000, 0x000000008dc00000| Complete 
| 221|0x000000008dd00000, 0x000000008de00000, 0x000000008de00000|100%| E|CS|TAMS 0x000000008dd00000, 0x000000008dd00000| Complete 
| 222|0x000000008de00000, 0x000000008df00000, 0x000000008df00000|100%| E|CS|TAMS 0x000000008de00000, 0x000000008de00000| Complete 
| 223|0x000000008df00000, 0x000000008e000000, 0x000000008e000000|100%| E|CS|TAMS 0x000000008df00000, 0x000000008df00000| Complete 
| 224|0x000000008e000000, 0x000000008e100000, 0x000000008e100000|100%| E|CS|TAMS 0x000000008e000000, 0x000000008e000000| Complete 
| 225|0x000000008e100000, 0x000000008e200000, 0x000000008e200000|100%| E|CS|TAMS 0x000000008e100000, 0x000000008e100000| Complete 
| 226|0x000000008e200000, 0x000000008e300000, 0x000000008e300000|100%| E|CS|TAMS 0x000000008e200000, 0x000000008e200000| Complete 
| 227|0x000000008e300000, 0x000000008e400000, 0x000000008e400000|100%| E|CS|TAMS 0x000000008e300000, 0x000000008e300000| Complete 
| 228|0x000000008e400000, 0x000000008e500000, 0x000000008e500000|100%| E|CS|TAMS 0x000000008e400000, 0x000000008e400000| Complete 
| 229|0x000000008e500000, 0x000000008e600000, 0x000000008e600000|100%| E|CS|TAMS 0x000000008e500000, 0x000000008e500000| Complete 
| 230|0x000000008e600000, 0x000000008e700000, 0x000000008e700000|100%| E|CS|TAMS 0x000000008e600000, 0x000000008e600000| Complete 
| 231|0x000000008e700000, 0x000000008e800000, 0x000000008e800000|100%| E|CS|TAMS 0x000000008e700000, 0x000000008e700000| Complete 
| 232|0x000000008e800000, 0x000000008e900000, 0x000000008e900000|100%| E|CS|TAMS 0x000000008e800000, 0x000000008e800000| Complete 
| 233|0x000000008e900000, 0x000000008ea00000, 0x000000008ea00000|100%| E|CS|TAMS 0x000000008e900000, 0x000000008e900000| Complete 
| 234|0x000000008ea00000, 0x000000008eb00000, 0x000000008eb00000|100%| E|CS|TAMS 0x000000008ea00000, 0x000000008ea00000| Complete 
| 235|0x000000008eb00000, 0x000000008ec00000, 0x000000008ec00000|100%| E|CS|TAMS 0x000000008eb00000, 0x000000008eb00000| Complete 
| 236|0x000000008ec00000, 0x000000008ed00000, 0x000000008ed00000|100%| E|CS|TAMS 0x000000008ec00000, 0x000000008ec00000| Complete 
| 237|0x000000008ed00000, 0x000000008ee00000, 0x000000008ee00000|100%| E|CS|TAMS 0x000000008ed00000, 0x000000008ed00000| Complete 

Card table byte_map: [0x000002f0fed00000,0x000002f0ff100000] _byte_map_base: 0x000002f0fe900000

Marking Bits (Prev, Next): (CMBitMap*) 0x000002f0ec14ebe0, (CMBitMap*) 0x000002f0ec14eba0
 Prev Bits: [0x000002f082000000, 0x000002f084000000)
 Next Bits: [0x000002f080000000, 0x000002f082000000)

Polling page: 0x000002f0ea270000

Metaspace:

Usage:
  Non-class:    100.02 MB used.
      Class:     14.72 MB used.
       Both:    114.74 MB used.

Virtual space:
  Non-class space:      128.00 MB reserved,     100.38 MB ( 78%) committed,  2 nodes.
      Class space:        1.00 GB reserved,      15.00 MB (  1%) committed,  1 nodes.
             Both:        1.12 GB reserved,     115.38 MB ( 10%) committed. 

Chunk freelists:
   Non-Class:  10.91 MB
       Class:  1.00 MB
        Both:  11.91 MB

MaxMetaspaceSize: unlimited
CompressedClassSpaceSize: 1.00 GB
Initial GC threshold: 21.00 MB
Current GC threshold: 187.31 MB
CDS: off
MetaspaceReclaimPolicy: balanced
 - commit_granule_bytes: 65536.
 - commit_granule_words: 8192.
 - virtual_space_node_default_size: 8388608.
 - enlarge_chunks_in_place: 1.
 - new_chunks_are_fully_committed: 0.
 - uncommit_free_chunks: 1.
 - use_allocation_guard: 0.
 - handle_deallocations: 1.


Internal statistics:

num_allocs_failed_limit: 6.
num_arena_births: 748.
num_arena_deaths: 0.
num_vsnodes_births: 3.
num_vsnodes_deaths: 0.
num_space_committed: 1844.
num_space_uncommitted: 0.
num_chunks_returned_to_freelist: 6.
num_chunks_taken_from_freelist: 4617.
num_chunk_merges: 6.
num_chunk_splits: 3604.
num_chunks_enlarged: 2996.
num_inconsistent_stats: 0.

CodeHeap 'non-profiled nmethods': size=120000Kb used=4373Kb max_used=4766Kb free=115627Kb
 bounds [0x000002f0f70a0000, 0x000002f0f7550000, 0x000002f0fe5d0000]
CodeHeap 'profiled nmethods': size=120000Kb used=18174Kb max_used=18174Kb free=101825Kb
 bounds [0x000002f0ef5d0000, 0x000002f0f07c0000, 0x000002f0f6b00000]
CodeHeap 'non-nmethods': size=5760Kb used=2524Kb max_used=2579Kb free=3236Kb
 bounds [0x000002f0f6b00000, 0x000002f0f6da0000, 0x000002f0f70a0000]
 total_blobs=9465 nmethods=8401 adapters=974
 compilation: enabled
              stopped_count=0, restarted_count=0
 full_count=0

Compilation events (20 events):
Event: 69.162 Thread 0x000002f08616a710 9827       1       org.antlr.v4.runtime.atn.EpsilonTransition::isEpsilon (2 bytes)
Event: 69.163 Thread 0x000002f08616a710 nmethod 9827 0x000002f0f717f510 code [0x000002f0f717f6a0, 0x000002f0f717f778]
Event: 69.176 Thread 0x000002f08616a710 9828       3       org.antlr.v4.runtime.atn.ATNDeserializer::edgeFactory (306 bytes)
Event: 69.179 Thread 0x000002f08616a710 nmethod 9828 0x000002f0f024aa10 code [0x000002f0f024afc0, 0x000002f0f024e108]
Event: 69.182 Thread 0x000002f08616a710 9829       3       org.antlr.v4.runtime.atn.ATNState::addTransition (15 bytes)
Event: 69.183 Thread 0x000002f08616a710 nmethod 9829 0x000002f0f024a490 code [0x000002f0f024a640, 0x000002f0f024a8d8]
Event: 69.188 Thread 0x000002f08616a710 9830       3       org.antlr.v4.runtime.atn.ATNState::addTransition (192 bytes)
Event: 69.190 Thread 0x000002f08616a710 nmethod 9830 0x000002f0effbb410 code [0x000002f0effbb740, 0x000002f0effbcef8]
Event: 69.195 Thread 0x000002f08616a710 9831       3       org.antlr.v4.runtime.atn.ATNState::getNumberOfTransitions (10 bytes)
Event: 69.195 Thread 0x000002f08616a710 nmethod 9831 0x000002f0f024a010 code [0x000002f0f024a1c0, 0x000002f0f024a388]
Event: 69.196 Thread 0x000002f08616a710 9832       3       org.antlr.v4.runtime.atn.EpsilonTransition::<init> (11 bytes)
Event: 69.196 Thread 0x000002f08616a710 nmethod 9832 0x000002f0f0249990 code [0x000002f0f0249b40, 0x000002f0f0249e88]
Event: 69.196 Thread 0x000002f08616a710 9833       3       org.antlr.v4.runtime.atn.ATNState::transition (14 bytes)
Event: 69.196 Thread 0x000002f08616a710 nmethod 9833 0x000002f0f0249290 code [0x000002f0f0249440, 0x000002f0f02496e8]
Event: 69.204 Thread 0x000002f08616a710 9834       3       org.antlr.v4.runtime.atn.ATNDeserializer::checkCondition (7 bytes)
Event: 69.204 Thread 0x000002f08616a710 nmethod 9834 0x000002f0effbae90 code [0x000002f0effbb040, 0x000002f0effbb2c8]
Event: 69.204 Thread 0x000002f08616a710 9835       3       org.antlr.v4.runtime.atn.ATNDeserializer::checkCondition (14 bytes)
Event: 69.204 Thread 0x000002f08616a710 nmethod 9835 0x000002f0effba990 code [0x000002f0effbab40, 0x000002f0effbad68]
Event: 69.205 Thread 0x000002f08616a710 9836       1       org.antlr.v4.runtime.atn.ATNState::onlyHasEpsilonTransitions (5 bytes)
Event: 69.205 Thread 0x000002f08616a710 nmethod 9836 0x000002f0f7354190 code [0x000002f0f7354320, 0x000002f0f73543f8]

GC Heap History (20 events):
Event: 16.111 GC heap before
{Heap before GC invocations=31 (full 0):
 garbage-first heap   total 119808K, used 72825K [0x0000000080000000, 0x0000000100000000)
  region size 1024K, 5 young (5120K), 2 survivors (2048K)
 Metaspace       used 63930K, committed 64512K, reserved 1114112K
  class space    used 9029K, committed 9280K, reserved 1048576K
}
Event: 16.116 GC heap after
{Heap after GC invocations=32 (full 0):
 garbage-first heap   total 119808K, used 69495K [0x0000000080000000, 0x0000000100000000)
  region size 1024K, 1 young (1024K), 1 survivors (1024K)
 Metaspace       used 63930K, committed 64512K, reserved 1114112K
  class space    used 9029K, committed 9280K, reserved 1048576K
}
Event: 17.234 GC heap before
{Heap before GC invocations=32 (full 0):
 garbage-first heap   total 119808K, used 98167K [0x0000000080000000, 0x0000000100000000)
  region size 1024K, 29 young (29696K), 1 survivors (1024K)
 Metaspace       used 68148K, committed 68736K, reserved 1114112K
  class space    used 9525K, committed 9792K, reserved 1048576K
}
Event: 17.238 GC heap after
{Heap after GC invocations=33 (full 0):
 garbage-first heap   total 119808K, used 70095K [0x0000000080000000, 0x0000000100000000)
  region size 1024K, 1 young (1024K), 1 survivors (1024K)
 Metaspace       used 68148K, committed 68736K, reserved 1114112K
  class space    used 9525K, committed 9792K, reserved 1048576K
}
Event: 18.137 GC heap before
{Heap before GC invocations=34 (full 0):
 garbage-first heap   total 121856K, used 106959K [0x0000000080000000, 0x0000000100000000)
  region size 1024K, 30 young (30720K), 1 survivors (1024K)
 Metaspace       used 71915K, committed 72576K, reserved 1114112K
  class space    used 10022K, committed 10304K, reserved 1048576K
}
Event: 18.141 GC heap after
{Heap after GC invocations=35 (full 0):
 garbage-first heap   total 121856K, used 79542K [0x0000000080000000, 0x0000000100000000)
  region size 1024K, 3 young (3072K), 3 survivors (3072K)
 Metaspace       used 71915K, committed 72576K, reserved 1114112K
  class space    used 10022K, committed 10304K, reserved 1048576K
}
Event: 18.163 GC heap before
{Heap before GC invocations=35 (full 0):
 garbage-first heap   total 121856K, used 81590K [0x0000000080000000, 0x0000000100000000)
  region size 1024K, 5 young (5120K), 3 survivors (3072K)
 Metaspace       used 71915K, committed 72576K, reserved 1114112K
  class space    used 10022K, committed 10304K, reserved 1048576K
}
Event: 18.169 GC heap after
{Heap after GC invocations=36 (full 0):
 garbage-first heap   total 121856K, used 79577K [0x0000000080000000, 0x0000000100000000)
  region size 1024K, 1 young (1024K), 1 survivors (1024K)
 Metaspace       used 71915K, committed 72576K, reserved 1114112K
  class space    used 10022K, committed 10304K, reserved 1048576K
}
Event: 18.578 GC heap before
{Heap before GC invocations=36 (full 0):
 garbage-first heap   total 121856K, used 102105K [0x0000000080000000, 0x0000000100000000)
  region size 1024K, 23 young (23552K), 1 survivors (1024K)
 Metaspace       used 72035K, committed 72704K, reserved 1114112K
  class space    used 10027K, committed 10304K, reserved 1048576K
}
Event: 18.591 GC heap after
{Heap after GC invocations=37 (full 0):
 garbage-first heap   total 243712K, used 87789K [0x0000000080000000, 0x0000000100000000)
  region size 1024K, 3 young (3072K), 3 survivors (3072K)
 Metaspace       used 72035K, committed 72704K, reserved 1114112K
  class space    used 10027K, committed 10304K, reserved 1048576K
}
Event: 21.091 GC heap before
{Heap before GC invocations=37 (full 0):
 garbage-first heap   total 243712K, used 185069K [0x0000000080000000, 0x0000000100000000)
  region size 1024K, 91 young (93184K), 3 survivors (3072K)
 Metaspace       used 82160K, committed 82752K, reserved 1179648K
  class space    used 11081K, committed 11328K, reserved 1048576K
}
Event: 21.104 GC heap after
{Heap after GC invocations=38 (full 0):
 garbage-first heap   total 243712K, used 93933K [0x0000000080000000, 0x0000000100000000)
  region size 1024K, 9 young (9216K), 9 survivors (9216K)
 Metaspace       used 82160K, committed 82752K, reserved 1179648K
  class space    used 11081K, committed 11328K, reserved 1048576K
}
Event: 30.710 GC heap before
{Heap before GC invocations=38 (full 0):
 garbage-first heap   total 243712K, used 185069K [0x0000000080000000, 0x0000000100000000)
  region size 1024K, 97 young (99328K), 9 survivors (9216K)
 Metaspace       used 90858K, committed 91456K, reserved 1179648K
  class space    used 12150K, committed 12416K, reserved 1048576K
}
Event: 30.741 GC heap after
{Heap after GC invocations=39 (full 0):
 garbage-first heap   total 243712K, used 99314K [0x0000000080000000, 0x0000000100000000)
  region size 1024K, 12 young (12288K), 12 survivors (12288K)
 Metaspace       used 90858K, committed 91456K, reserved 1179648K
  class space    used 12150K, committed 12416K, reserved 1048576K
}
Event: 41.597 GC heap before
{Heap before GC invocations=39 (full 0):
 garbage-first heap   total 243712K, used 189426K [0x0000000080000000, 0x0000000100000000)
  region size 1024K, 100 young (102400K), 12 survivors (12288K)
 Metaspace       used 98298K, committed 98880K, reserved 1179648K
  class space    used 12952K, committed 13184K, reserved 1048576K
}
Event: 41.612 GC heap after
{Heap after GC invocations=40 (full 0):
 garbage-first heap   total 243712K, used 105113K [0x0000000080000000, 0x0000000100000000)
  region size 1024K, 11 young (11264K), 11 survivors (11264K)
 Metaspace       used 98298K, committed 98880K, reserved 1179648K
  class space    used 12952K, committed 13184K, reserved 1048576K
}
Event: 52.586 GC heap before
{Heap before GC invocations=40 (full 0):
 garbage-first heap   total 243712K, used 193177K [0x0000000080000000, 0x0000000100000000)
  region size 1024K, 97 young (99328K), 11 survivors (11264K)
 Metaspace       used 110241K, committed 110848K, reserved 1179648K
  class space    used 14221K, committed 14464K, reserved 1048576K
}
Event: 52.613 GC heap after
{Heap after GC invocations=41 (full 0):
 garbage-first heap   total 243712K, used 109170K [0x0000000080000000, 0x0000000100000000)
  region size 1024K, 11 young (11264K), 11 survivors (11264K)
 Metaspace       used 110241K, committed 110848K, reserved 1179648K
  class space    used 14221K, committed 14464K, reserved 1048576K
}
Event: 58.778 GC heap before
{Heap before GC invocations=41 (full 0):
 garbage-first heap   total 243712K, used 182898K [0x0000000080000000, 0x0000000100000000)
  region size 1024K, 83 young (84992K), 11 survivors (11264K)
 Metaspace       used 114388K, committed 115008K, reserved 1179648K
  class space    used 14649K, committed 14912K, reserved 1048576K
}
Event: 58.795 GC heap after
{Heap after GC invocations=42 (full 0):
 garbage-first heap   total 243712K, used 113509K [0x0000000080000000, 0x0000000100000000)
  region size 1024K, 8 young (8192K), 8 survivors (8192K)
 Metaspace       used 114388K, committed 115008K, reserved 1179648K
  class space    used 14649K, committed 14912K, reserved 1048576K
}

Dll operation events (3 events):
Event: 0.221 Loaded shared library C:\Program Files\Android\Android Studio1\jbr\bin\java.dll
Event: 0.553 Loaded shared library C:\Program Files\Android\Android Studio1\jbr\bin\zip.dll
Event: 0.995 Loaded shared library C:\Program Files\Android\Android Studio1\jbr\bin\verify.dll

Deoptimization events (20 events):
Event: 66.428 Thread 0x000002f08c50e3d0 Uncommon trap: trap_request=0xffffff45 fr.pc=0x000002f0f7324398 relative=0x0000000000000d18
Event: 66.428 Thread 0x000002f08c50e3d0 Uncommon trap: reason=unstable_if action=reinterpret pc=0x000002f0f7324398 method=java.util.jar.JarFile.getVersionedEntry(Ljava/lang/String;Ljava/util/jar/JarEntry;)Ljava/util/jar/JarEntry; @ 31 c2
Event: 66.428 Thread 0x000002f08c50e3d0 DEOPT PACKING pc=0x000002f0f7324398 sp=0x000000f53c3fb270
Event: 66.428 Thread 0x000002f08c50e3d0 DEOPT UNPACKING pc=0x000002f0f6b5a1a3 sp=0x000000f53c3fb1d8 mode 2
Event: 66.549 Thread 0x000002f08c50e3d0 Uncommon trap: trap_request=0xffffffde fr.pc=0x000002f0f72f6c14 relative=0x00000000000032d4
Event: 66.549 Thread 0x000002f08c50e3d0 Uncommon trap: reason=class_check action=maybe_recompile pc=0x000002f0f72f6c14 method=java.util.regex.Pattern$CharProperty.study(Ljava/util/regex/Pattern$TreeInfo;)Z @ 25 c2
Event: 66.549 Thread 0x000002f08c50e3d0 DEOPT PACKING pc=0x000002f0f72f6c14 sp=0x000000f53c3f8c00
Event: 66.550 Thread 0x000002f08c50e3d0 DEOPT UNPACKING pc=0x000002f0f6b5a1a3 sp=0x000000f53c3f8af8 mode 2
Event: 67.349 Thread 0x000002f08c50e3d0 Uncommon trap: trap_request=0xffffff45 fr.pc=0x000002f0f7112f50 relative=0x0000000000000110
Event: 67.349 Thread 0x000002f08c50e3d0 Uncommon trap: reason=unstable_if action=reinterpret pc=0x000002f0f7112f50 method=java.net.URI.match(CJJ)Z @ 45 c2
Event: 67.349 Thread 0x000002f08c50e3d0 DEOPT PACKING pc=0x000002f0f7112f50 sp=0x000000f53c3f8e90
Event: 67.349 Thread 0x000002f08c50e3d0 DEOPT UNPACKING pc=0x000002f0f6b5a1a3 sp=0x000000f53c3f8dc8 mode 2
Event: 67.373 Thread 0x000002f08c50e3d0 Uncommon trap: trap_request=0xffffff45 fr.pc=0x000002f0f73699a8 relative=0x00000000000000a8
Event: 67.373 Thread 0x000002f08c50e3d0 Uncommon trap: reason=unstable_if action=reinterpret pc=0x000002f0f73699a8 method=java.net.URI.match(CJJ)Z @ 45 c2
Event: 67.373 Thread 0x000002f08c50e3d0 DEOPT PACKING pc=0x000002f0f73699a8 sp=0x000000f53c3f8e20
Event: 67.373 Thread 0x000002f08c50e3d0 DEOPT UNPACKING pc=0x000002f0f6b5a1a3 sp=0x000000f53c3f8dd0 mode 2
Event: 68.995 Thread 0x000002f08c50e3d0 Uncommon trap: trap_request=0xffffffc6 fr.pc=0x000002f0f72a8e4c relative=0x000000000000044c
Event: 68.995 Thread 0x000002f08c50e3d0 Uncommon trap: reason=bimorphic_or_optimized_type_check action=maybe_recompile pc=0x000002f0f72a8e4c method=java.util.Spliterators$IteratorSpliterator.tryAdvance(Ljava/util/function/Consumer;)Z @ 50 c2
Event: 68.995 Thread 0x000002f08c50e3d0 DEOPT PACKING pc=0x000002f0f72a8e4c sp=0x000000f53c3fa5e0
Event: 68.995 Thread 0x000002f08c50e3d0 DEOPT UNPACKING pc=0x000002f0f6b5a1a3 sp=0x000000f53c3fa580 mode 2

Classes unloaded (0 events):
No events

Classes redefined (0 events):
No events

Internal exceptions (20 events):
Event: 62.669 Thread 0x000002f08c50e3d0 Exception <a 'java/lang/IncompatibleClassChangeError'{0x000000008d2f1b50}: Found class java.lang.Object, but interface was expected> (0x000000008d2f1b50) 
thrown [s\src\hotspot\share\interpreter\linkResolver.cpp, line 838]
Event: 64.883 Thread 0x000002f08c50e3d0 Exception <a 'sun/nio/fs/WindowsException'{0x000000008c323858}> (0x000000008c323858) 
thrown [s\src\hotspot\share\prims\jni.cpp, line 531]
Event: 64.883 Thread 0x000002f08c50e3d0 Exception <a 'sun/nio/fs/WindowsException'{0x000000008c325158}> (0x000000008c325158) 
thrown [s\src\hotspot\share\prims\jni.cpp, line 531]
Event: 64.923 Thread 0x000002f08c50e3d0 Exception <a 'sun/nio/fs/WindowsException'{0x000000008c363820}> (0x000000008c363820) 
thrown [s\src\hotspot\share\prims\jni.cpp, line 531]
Event: 64.927 Thread 0x000002f08c50e3d0 Exception <a 'sun/nio/fs/WindowsException'{0x000000008c363a18}> (0x000000008c363a18) 
thrown [s\src\hotspot\share\prims\jni.cpp, line 531]
Event: 66.436 Thread 0x000002f08c50e3d0 Exception <a 'java/lang/ClassNotFoundException'{0x000000008bf778c0}: org/jetbrains/plugins/gradle/model/web/WebConfigurationBeanInfo> (0x000000008bf778c0) 
thrown [s\src\hotspot\share\classfile\systemDictionary.cpp, line 256]
Event: 66.437 Thread 0x000002f08c50e3d0 Exception <a 'java/lang/ClassNotFoundException'{0x000000008bf80800}: org/jetbrains/plugins/gradle/model/web/WebConfigurationCustomizer> (0x000000008bf80800) 
thrown [s\src\hotspot\share\classfile\systemDictionary.cpp, line 256]
Event: 66.447 Thread 0x000002f08c50e3d0 Exception <a 'java/lang/ClassNotFoundException'{0x000000008be9d6c8}: java/lang/StringBeanInfo> (0x000000008be9d6c8) 
thrown [s\src\hotspot\share\classfile\systemDictionary.cpp, line 256]
Event: 66.447 Thread 0x000002f08c50e3d0 Exception <a 'java/lang/ClassNotFoundException'{0x000000008bea23c8}: java/lang/StringCustomizer> (0x000000008bea23c8) 
thrown [s\src\hotspot\share\classfile\systemDictionary.cpp, line 256]
Event: 66.528 Thread 0x000002f08c50e8e0 Exception <a 'java/lang/NoSuchMethodError'{0x000000008bd96848}: static Lorg/gradle/internal/build/event/types/DefaultOperationStartedProgressEvent;.<clinit>()V> (0x000000008bd96848) 
thrown [s\src\hotspot\share\prims\jni.cpp, line 1127]
Event: 66.530 Thread 0x000002f08c50e8e0 Exception <a 'java/lang/NoSuchMethodError'{0x000000008bd9e6d0}: static Lorg/gradle/internal/build/event/types/AbstractProgressEvent;.<clinit>()V> (0x000000008bd9e6d0) 
thrown [s\src\hotspot\share\prims\jni.cpp, line 1127]
Event: 66.533 Thread 0x000002f08c50e8e0 Exception <a 'java/lang/NoSuchMethodError'{0x000000008bc0d4b8}: static Lorg/gradle/internal/build/event/types/DefaultBuildPhaseDescriptor;.<clinit>()V> (0x000000008bc0d4b8) 
thrown [s\src\hotspot\share\prims\jni.cpp, line 1127]
Event: 66.533 Thread 0x000002f08c50e8e0 Exception <a 'java/lang/NoSuchMethodError'{0x000000008bc10c88}: static Lorg/gradle/internal/build/event/types/DefaultOperationDescriptor;.<clinit>()V> (0x000000008bc10c88) 
thrown [s\src\hotspot\share\prims\jni.cpp, line 1127]
Event: 66.551 Thread 0x000002f08c50e8e0 Exception <a 'java/lang/NoSuchMethodError'{0x000000008bc24410}: static Lorg/gradle/internal/operations/OperationIdentifier;.<clinit>()V> (0x000000008bc24410) 
thrown [s\src\hotspot\share\prims\jni.cpp, line 1127]
Event: 68.989 Thread 0x000002f08c50e3d0 Exception <a 'sun/nio/fs/WindowsException'{0x000000008b70e2f8}> (0x000000008b70e2f8) 
thrown [s\src\hotspot\share\prims\jni.cpp, line 531]
Event: 68.989 Thread 0x000002f08c50e3d0 Exception <a 'sun/nio/fs/WindowsException'{0x000000008b70e598}> (0x000000008b70e598) 
thrown [s\src\hotspot\share\prims\jni.cpp, line 531]
Event: 68.989 Thread 0x000002f08c50e3d0 Exception <a 'sun/nio/fs/WindowsException'{0x000000008b710ff8}> (0x000000008b710ff8) 
thrown [s\src\hotspot\share\prims\jni.cpp, line 531]
Event: 68.989 Thread 0x000002f08c50e3d0 Exception <a 'sun/nio/fs/WindowsException'{0x000000008b711398}> (0x000000008b711398) 
thrown [s\src\hotspot\share\prims\jni.cpp, line 531]
Event: 68.993 Thread 0x000002f08c50e3d0 Exception <a 'sun/nio/fs/WindowsException'{0x000000008b721350}> (0x000000008b721350) 
thrown [s\src\hotspot\share\prims\jni.cpp, line 531]
Event: 68.993 Thread 0x000002f08c50e3d0 Exception <a 'sun/nio/fs/WindowsException'{0x000000008b7216f0}> (0x000000008b7216f0) 
thrown [s\src\hotspot\share\prims\jni.cpp, line 531]

VM Operations (20 events):
Event: 60.256 Executing VM operation: Cleanup
Event: 60.283 Executing VM operation: Cleanup done
Event: 61.307 Executing VM operation: Cleanup
Event: 61.434 Executing VM operation: Cleanup done
Event: 62.438 Executing VM operation: Cleanup
Event: 62.453 Executing VM operation: Cleanup done
Event: 63.416 Executing VM operation: ICBufferFull
Event: 63.416 Executing VM operation: ICBufferFull done
Event: 63.645 Executing VM operation: ICBufferFull
Event: 63.645 Executing VM operation: ICBufferFull done
Event: 64.646 Executing VM operation: Cleanup
Event: 64.658 Executing VM operation: Cleanup done
Event: 65.682 Executing VM operation: Cleanup
Event: 65.682 Executing VM operation: Cleanup done
Event: 66.692 Executing VM operation: Cleanup
Event: 66.799 Executing VM operation: Cleanup done
Event: 67.807 Executing VM operation: Cleanup
Event: 67.845 Executing VM operation: Cleanup done
Event: 68.855 Executing VM operation: Cleanup
Event: 68.888 Executing VM operation: Cleanup done

Events (20 events):
Event: 67.704 loading class javax/net/ssl/HostnameVerifier
Event: 67.712 loading class javax/net/ssl/HostnameVerifier done
Event: 67.770 loading class javax/net/ssl/TrustManager
Event: 67.844 loading class javax/net/ssl/TrustManager done
Event: 67.851 loading class javax/net/ssl/X509TrustManager
Event: 67.852 loading class javax/net/ssl/X509TrustManager done
Event: 67.915 loading class javax/net/ssl/SSLException
Event: 67.916 loading class javax/net/ssl/SSLException done
Event: 67.916 loading class javax/net/ssl/SSLPeerUnverifiedException
Event: 67.916 loading class javax/net/ssl/SSLPeerUnverifiedException done
Event: 67.917 loading class javax/naming/NamingException
Event: 68.063 loading class javax/naming/NamingException done
Event: 68.063 loading class javax/naming/InvalidNameException
Event: 68.129 loading class javax/naming/InvalidNameException done
Event: 68.130 loading class java/security/cert/CertificateParsingException
Event: 68.130 loading class java/security/cert/CertificateException
Event: 68.130 loading class java/security/cert/CertificateException done
Event: 68.130 loading class java/security/cert/CertificateParsingException done
Event: 69.061 loading class java/io/InvalidClassException
Event: 69.062 loading class java/io/InvalidClassException done


Dynamic libraries:
0x00007ff66f4b0000 - 0x00007ff66f4ba000 	C:\Program Files\Android\Android Studio1\jbr\bin\java.exe
0x00007ffab88b0000 - 0x00007ffab8aa8000 	C:\WINDOWS\SYSTEM32\ntdll.dll
0x00007ffab7be0000 - 0x00007ffab7ca2000 	C:\WINDOWS\System32\KERNEL32.DLL
0x00007ffab6220000 - 0x00007ffab651e000 	C:\WINDOWS\System32\KERNELBASE.dll
0x00007ffab6520000 - 0x00007ffab6620000 	C:\WINDOWS\System32\ucrtbase.dll
0x00007ffaaf730000 - 0x00007ffaaf747000 	C:\Program Files\Android\Android Studio1\jbr\bin\jli.dll
0x00007ffab68d0000 - 0x00007ffab6a6d000 	C:\WINDOWS\System32\USER32.dll
0x00007ffab61a0000 - 0x00007ffab61c2000 	C:\WINDOWS\System32\win32u.dll
0x00007ffab72c0000 - 0x00007ffab72eb000 	C:\WINDOWS\System32\GDI32.dll
0x00007ffab6780000 - 0x00007ffab6897000 	C:\WINDOWS\System32\gdi32full.dll
0x00007ffab5f50000 - 0x00007ffab5fed000 	C:\WINDOWS\System32\msvcp_win.dll
0x00007ffa9caf0000 - 0x00007ffa9cb0b000 	C:\Program Files\Android\Android Studio1\jbr\bin\VCRUNTIME140.dll
0x00007ffa99c70000 - 0x00007ffa99f0a000 	C:\WINDOWS\WinSxS\amd64_microsoft.windows.common-controls_6595b64144ccf1df_6.0.19041.4355_none_60b8b9eb71f62e16\COMCTL32.dll
0x00007ffab79c0000 - 0x00007ffab7a5e000 	C:\WINDOWS\System32\msvcrt.dll
0x00007ffab86b0000 - 0x00007ffab86df000 	C:\WINDOWS\System32\IMM32.DLL
0x00007ffa9cae0000 - 0x00007ffa9caec000 	C:\Program Files\Android\Android Studio1\jbr\bin\vcruntime140_1.dll
0x00007ffa5e0a0000 - 0x00007ffa5e12d000 	C:\Program Files\Android\Android Studio1\jbr\bin\msvcp140.dll
0x00007ffa3b1d0000 - 0x00007ffa3be53000 	C:\Program Files\Android\Android Studio1\jbr\bin\server\jvm.dll
0x00007ffab86e0000 - 0x00007ffab8792000 	C:\WINDOWS\System32\ADVAPI32.dll
0x00007ffab84f0000 - 0x00007ffab8590000 	C:\WINDOWS\System32\sechost.dll
0x00007ffab72f0000 - 0x00007ffab7413000 	C:\WINDOWS\System32\RPCRT4.dll
0x00007ffab68a0000 - 0x00007ffab68c7000 	C:\WINDOWS\System32\bcrypt.dll
0x00007ffab5d00000 - 0x00007ffab5d4b000 	C:\WINDOWS\SYSTEM32\POWRPROF.dll
0x00007ffa93510000 - 0x00007ffa93519000 	C:\WINDOWS\SYSTEM32\WSOCK32.dll
0x00007ffab7ed0000 - 0x00007ffab7f3b000 	C:\WINDOWS\System32\WS2_32.dll
0x00007ffaa9a80000 - 0x00007ffaa9aa7000 	C:\WINDOWS\SYSTEM32\WINMM.dll
0x00007ffab0570000 - 0x00007ffab057a000 	C:\WINDOWS\SYSTEM32\VERSION.dll
0x00007ffab5ce0000 - 0x00007ffab5cf2000 	C:\WINDOWS\SYSTEM32\UMPDC.dll
0x00007ffab4770000 - 0x00007ffab4782000 	C:\WINDOWS\SYSTEM32\kernel.appcore.dll
0x00007ffab3190000 - 0x00007ffab319a000 	C:\Program Files\Android\Android Studio1\jbr\bin\jimage.dll
0x00007ffab3c90000 - 0x00007ffab3e74000 	C:\WINDOWS\SYSTEM32\DBGHELP.DLL
0x00007ffa869a0000 - 0x00007ffa869d4000 	C:\WINDOWS\SYSTEM32\dbgcore.DLL
0x00007ffab5ff0000 - 0x00007ffab6072000 	C:\WINDOWS\System32\bcryptPrimitives.dll
0x00007ffab2780000 - 0x00007ffab278e000 	C:\Program Files\Android\Android Studio1\jbr\bin\instrument.dll
0x00007ffa9ca30000 - 0x00007ffa9ca55000 	C:\Program Files\Android\Android Studio1\jbr\bin\java.dll
0x00007ffaaba80000 - 0x00007ffaaba98000 	C:\Program Files\Android\Android Studio1\jbr\bin\zip.dll
0x00007ffab6a80000 - 0x00007ffab71ef000 	C:\WINDOWS\System32\SHELL32.dll
0x00007ffab3fb0000 - 0x00007ffab4754000 	C:\WINDOWS\SYSTEM32\windows.storage.dll
0x00007ffab7660000 - 0x00007ffab79b3000 	C:\WINDOWS\System32\combase.dll
0x00007ffab5910000 - 0x00007ffab593e000 	C:\WINDOWS\SYSTEM32\Wldp.dll
0x00007ffab7a60000 - 0x00007ffab7b2d000 	C:\WINDOWS\System32\OLEAUT32.dll
0x00007ffab7b30000 - 0x00007ffab7bdd000 	C:\WINDOWS\System32\SHCORE.dll
0x00007ffab8810000 - 0x00007ffab8865000 	C:\WINDOWS\System32\shlwapi.dll
0x00007ffab5e80000 - 0x00007ffab5ea4000 	C:\WINDOWS\SYSTEM32\profapi.dll
0x00007ffa9c9a0000 - 0x00007ffa9c9b9000 	C:\Program Files\Android\Android Studio1\jbr\bin\net.dll
0x00007ffab2f00000 - 0x00007ffab300d000 	C:\WINDOWS\SYSTEM32\WINHTTP.dll
0x00007ffab5610000 - 0x00007ffab567a000 	C:\WINDOWS\system32\mswsock.dll
0x00007ffa9a300000 - 0x00007ffa9a316000 	C:\Program Files\Android\Android Studio1\jbr\bin\nio.dll
0x00007ffaa5090000 - 0x00007ffaa50a0000 	C:\Program Files\Android\Android Studio1\jbr\bin\verify.dll
0x00007ffa9c810000 - 0x00007ffa9c837000 	C:\Users\DELL\.gradle\native\c067742578af261105cb4f569cf0c3c89f3d7b1fecec35dd04571415982c5e48\windows-amd64\native-platform.dll
0x00007ffa58880000 - 0x00007ffa589c4000 	C:\Users\DELL\.gradle\native\38dada09dfb8b06ba9b0570ebf7e218e3eb74d4ef43ca46872605cf95ebc2f47\windows-amd64\native-platform-file-events.dll
0x00007ffaaee20000 - 0x00007ffaaee29000 	C:\Program Files\Android\Android Studio1\jbr\bin\management.dll
0x00007ffaad020000 - 0x00007ffaad02b000 	C:\Program Files\Android\Android Studio1\jbr\bin\management_ext.dll
0x00007ffab6a70000 - 0x00007ffab6a78000 	C:\WINDOWS\System32\PSAPI.DLL
0x00007ffab5800000 - 0x00007ffab5818000 	C:\WINDOWS\SYSTEM32\CRYPTSP.dll
0x00007ffab4f30000 - 0x00007ffab4f64000 	C:\WINDOWS\system32\rsaenh.dll
0x00007ffab5e40000 - 0x00007ffab5e6e000 	C:\WINDOWS\SYSTEM32\USERENV.dll
0x00007ffab5820000 - 0x00007ffab582c000 	C:\WINDOWS\SYSTEM32\CRYPTBASE.dll
0x00007ffab52f0000 - 0x00007ffab532b000 	C:\WINDOWS\SYSTEM32\IPHLPAPI.DLL
0x00007ffab8800000 - 0x00007ffab8808000 	C:\WINDOWS\System32\NSI.dll
0x00007ffaafff0000 - 0x00007ffab0007000 	C:\WINDOWS\SYSTEM32\dhcpcsvc6.DLL
0x00007ffaafef0000 - 0x00007ffaaff0d000 	C:\WINDOWS\SYSTEM32\dhcpcsvc.DLL
0x00007ffab5380000 - 0x00007ffab544a000 	C:\WINDOWS\SYSTEM32\DNSAPI.dll
0x00007ffaab7f0000 - 0x00007ffaab7f9000 	C:\Program Files\Android\Android Studio1\jbr\bin\extnet.dll
0x00007ffaac5d0000 - 0x00007ffaac5d7000 	C:\WINDOWS\system32\wshunix.dll

dbghelp: loaded successfully - version: 4.0.5 - missing functions: none
symbol engine: initialized successfully - sym options: 0x614 - pdb path: .;C:\Program Files\Android\Android Studio1\jbr\bin;C:\WINDOWS\SYSTEM32;C:\WINDOWS\WinSxS\amd64_microsoft.windows.common-controls_6595b64144ccf1df_6.0.19041.4355_none_60b8b9eb71f62e16;C:\Program Files\Android\Android Studio1\jbr\bin\server;C:\Users\DELL\.gradle\native\c067742578af261105cb4f569cf0c3c89f3d7b1fecec35dd04571415982c5e48\windows-amd64;C:\Users\DELL\.gradle\native\38dada09dfb8b06ba9b0570ebf7e218e3eb74d4ef43ca46872605cf95ebc2f47\windows-amd64

VM Arguments:
jvm_args: --add-opens=java.base/java.util=ALL-UNNAMED --add-opens=java.base/java.lang=ALL-UNNAMED --add-opens=java.base/java.lang.invoke=ALL-UNNAMED --add-opens=java.prefs/java.util.prefs=ALL-UNNAMED --add-opens=java.base/java.nio.charset=ALL-UNNAMED --add-opens=java.base/java.net=ALL-UNNAMED --add-opens=java.base/java.util.concurrent.atomic=ALL-UNNAMED -Xmx2048m -Dfile.encoding=UTF-8 -Duser.country=FR -Duser.language=fr -Duser.variant -javaagent:C:\Users\DELL\.gradle\wrapper\dists\gradle-8.7-bin\bhs2wmbdwecv87pi65oeuq5iu\gradle-8.7\lib\agents\gradle-instrumentation-agent-8.7.jar 
java_command: org.gradle.launcher.daemon.bootstrap.GradleDaemon 8.7
java_class_path (initial): C:\Users\DELL\.gradle\wrapper\dists\gradle-8.7-bin\bhs2wmbdwecv87pi65oeuq5iu\gradle-8.7\lib\gradle-launcher-8.7.jar
Launcher Type: SUN_STANDARD

[Global flags]
     intx CICompilerCount                          = 4                                         {product} {ergonomic}
     uint ConcGCThreads                            = 2                                         {product} {ergonomic}
     uint G1ConcRefinementThreads                  = 8                                         {product} {ergonomic}
   size_t G1HeapRegionSize                         = 1048576                                   {product} {ergonomic}
    uintx GCDrainStackTargetSize                   = 64                                        {product} {ergonomic}
   size_t InitialHeapSize                          = 130023424                                 {product} {ergonomic}
   size_t MarkStackSize                            = 4194304                                   {product} {ergonomic}
   size_t MaxHeapSize                              = 2147483648                                {product} {command line}
   size_t MaxNewSize                               = 1287651328                                {product} {ergonomic}
   size_t MinHeapDeltaBytes                        = 1048576                                   {product} {ergonomic}
   size_t MinHeapSize                              = 8388608                                   {product} {ergonomic}
    uintx NonNMethodCodeHeapSize                   = 5839372                                {pd product} {ergonomic}
    uintx NonProfiledCodeHeapSize                  = 122909434                              {pd product} {ergonomic}
    uintx ProfiledCodeHeapSize                     = 122909434                              {pd product} {ergonomic}
    uintx ReservedCodeCacheSize                    = 251658240                              {pd product} {ergonomic}
     bool SegmentedCodeCache                       = true                                      {product} {ergonomic}
   size_t SoftMaxHeapSize                          = 2147483648                             {manageable} {ergonomic}
     bool UseCompressedClassPointers               = true                           {product lp64_product} {ergonomic}
     bool UseCompressedOops                        = true                           {product lp64_product} {ergonomic}
     bool UseG1GC                                  = true                                      {product} {ergonomic}
     bool UseLargePagesIndividualAllocation        = false                                  {pd product} {ergonomic}

Logging:
Log output configuration:
 #0: stdout all=warning uptime,level,tags
 #1: stderr all=off uptime,level,tags

Environment Variables:
PATH=C:\Program Files (x86)\Common Files\Oracle\Java\javapath;C:\oraclexe\app\oracle\product\10.2.0\server\bin;C:\Program Files (x86)\VMware\VMware Player\bin\;C:\Program Files\Common Files\Oracle\Java\javapath;C:\ProgramData\Oracle\Java\javapath;C:\WINDOWS\system32;C:\WINDOWS;C:\WINDOWS\System32\Wbem;C:\WINDOWS\System32\WindowsPowerShell\v1.0\;C:\WINDOWS\System32\OpenSSH\;C:\Program Files (x86)\Windows Kits\8.1\Windows Performance Toolkit\;C:\Program Files\nodejs\;C:\Program Files\MATLAB\R2014a\runtime\win64;C:\Program Files\MATLAB\R2014a\bin;C:\Program Files\MATLAB\R2014a\polyspace\bin;C:\wamp64\bin\php\php8.2.0;C:\ProgramData\ComposerSetup\bin;C:\Program Files\apache-maven-3.9.6\bin;C:\Program Files (x86)\Java\jdk1.8.0_192\bin;C:\flutter\bin;D:\Git\cmd;C:\Users\DELL\AppData\Local\Microsoft\WindowsApps;C:\Users\DELL\AppData\Local\Programs\Microsoft VS Code\bin;C:\Users\DELL\AppData\Roaming\npm;C:\Users\DELL\AppData\Roaming\Composer\vendor\bin;D:\IntelliJ IDEA 2023.1.2\bin;C:\Program Files\apache-maven-3.9.6\bin;C:\Program Files (x86)\Java\jdk1.8.0_192\bin;C:\Program Files\PostgreSQL\17\bin;;C:\Flutter_SDK\bin;C:\flutter\bin;C:\Users\DELL\AppData\Local\GitHubDesktop\bin
USERNAME=DELL
OS=Windows_NT
PROCESSOR_IDENTIFIER=Intel64 Family 6 Model 140 Stepping 1, GenuineIntel
TMP=C:\Users\DELL\AppData\Local\Temp
TEMP=C:\Users\DELL\AppData\Local\Temp



Periodic native trim disabled

JNI global refs:
JNI global refs: 25, weak refs: 1

JNI global refs memory usage: 843, weak refs: 841

Process memory usage:
Resident Set Size: 478340K (5% of 8108840K total physical memory with 399872K free physical memory)

OOME stack traces (most recent first):
Classloader memory used:
Loader org.gradle.internal.classloader.VisitableURLClassLoader                         : 10935K
Loader bootstrap                                                                       : 2510K
Loader org.gradle.initialization.MixInLegacyTypesClassLoader                           : 866K
Loader org.gradle.internal.classloader.VisitableURLClassLoader                         : 112K
Loader org.gradle.internal.classloader.VisitableURLClassLoader$InstrumentingVisitableURLClassLoader: 81618B
Loader jdk.internal.loader.ClassLoaders$PlatformClassLoader                            : 68467B
Loader jdk.internal.jrtfs.JrtFileSystemProvider$JrtFsLoader                            : 42365B
Loader jdk.internal.reflect.DelegatingClassLoader                                      : 30103B
Loader jdk.internal.loader.ClassLoaders$AppClassLoader                                 : 28722B
Loader org.gradle.groovy.scripts.internal.DefaultScriptCompilationHandler$ScriptClassLoader: 10713B
Loader org.codehaus.groovy.runtime.callsite.CallSiteClassLoader                        : 5965B

Classes loaded by more than one classloader:
Class org.gradle.internal.Cast                                                        : loaded 3 times (x 69B)
Class org.gradle.api.GradleException                                                  : loaded 3 times (x 80B)
Class kotlin.collections.AbstractList                                                 : loaded 2 times (x 157B)
Class kotlin.collections.AbstractCollection                                           : loaded 2 times (x 115B)
Class org.jetbrains.plugins.gradle.model.MavenRepositoryModel                         : loaded 2 times (x 68B)
Class org.gradle.internal.classpath.ClassPath                                         : loaded 2 times (x 68B)
Class org.gradle.api.internal.classpath.DefaultModuleRegistry                         : loaded 2 times (x 84B)
Class org.gradle.internal.exceptions.NonGradleCauseExceptionsHolder                   : loaded 2 times (x 68B)
Class Settings_gradle$1$1                                                             : loaded 2 times (x 72B)
Class jdk.internal.jimage.BasicImageReader$1                                          : loaded 2 times (x 75B)
Class kotlin.enums.EnumEntries                                                        : loaded 2 times (x 68B)
Class org.gradle.api.Action                                                           : loaded 2 times (x 68B)
Class org.jetbrains.kotlin.idea.gradleTooling.model.samWithReceiver.SamWithReceiverModel: loaded 2 times (x 68B)
Class kotlin.enums.EnumEntriesKt                                                      : loaded 2 times (x 69B)
Class org.jetbrains.plugins.gradle.model.ExternalProject                              : loaded 2 times (x 68B)
Class org.jetbrains.plugins.gradle.model.IntelliJSettings                             : loaded 2 times (x 68B)
Class jdk.internal.jimage.ImageBufferCache$1                                          : loaded 2 times (x 78B)
Class jdk.internal.jimage.ImageBufferCache$2                                          : loaded 2 times (x 89B)
Class org.jetbrains.kotlin.idea.gradleTooling.KotlinMPPGradleModel                    : loaded 2 times (x 68B)
Class org.gradle.api.internal.DefaultClassPathProvider                                : loaded 2 times (x 74B)
Class org.gradle.internal.installation.GradleInstallation$1                           : loaded 2 times (x 73B)
Class jdk.internal.jrtfs.SystemImage$1                                                : loaded 2 times (x 76B)
Class jdk.internal.jrtfs.SystemImage$2                                                : loaded 2 times (x 74B)
Class org.gradle.internal.exceptions.DefaultMultiCauseException                       : loaded 2 times (x 93B)
Class org.gradle.util.GradleVersion                                                   : loaded 2 times (x 81B)
Class org.gradle.internal.time.MonotonicClock                                         : loaded 2 times (x 75B)
Class org.gradle.internal.classloader.FilteringClassLoader                            : loaded 2 times (x 103B)
Class jdk.internal.jimage.ImageReader$Resource                                        : loaded 2 times (x 82B)
Class jdk.internal.jrtfs.SystemImage                                                  : loaded 2 times (x 72B)
Class org.gradle.tooling.model.Model                                                  : loaded 2 times (x 68B)
Class org.gradle.internal.classpath.DefaultClassPath$ImmutableUniqueList$Builder      : loaded 2 times (x 73B)
Class kotlin.UninitializedPropertyAccessException                                     : loaded 2 times (x 80B)
Class org.jetbrains.kotlin.idea.gradleTooling.KotlinSourceSetContainer                : loaded 2 times (x 68B)
Class jdk.internal.jrtfs.JrtDirectoryStream$1                                         : loaded 2 times (x 81B)
Class org.gradle.internal.classloader.ClassLoaderVisitor                              : loaded 2 times (x 74B)
Class org.gradle.internal.time.DefaultCountdownTimer                                  : loaded 2 times (x 86B)
Class org.gradle.internal.service.DefaultServiceLocator                               : loaded 2 times (x 81B)
Class org.jetbrains.plugins.gradle.model.jar.JarTaskManifestConfiguration             : loaded 2 times (x 68B)
Class org.gradle.internal.service.UnknownServiceException                             : loaded 2 times (x 81B)
Class org.jetbrains.plugins.gradle.model.DependencyAccessorsModel                     : loaded 2 times (x 68B)
Class org.gradle.internal.classloader.DefaultClassLoaderFactory                       : loaded 2 times (x 80B)
Class jdk.internal.jimage.ImageReader$SharedImageReader                               : loaded 2 times (x 93B)
Class org.jetbrains.plugins.gradle.model.GradleExtensions                             : loaded 2 times (x 68B)
Class jdk.internal.jimage.decompressor.ZipDecompressorFactory                         : loaded 2 times (x 72B)
Class org.jetbrains.plugins.gradle.model.VersionCatalogsModel                         : loaded 2 times (x 68B)
Class org.gradle.internal.classloader.VisitableURLClassLoader$Spec                    : loaded 2 times (x 72B)
Class org.gradle.tooling.model.ProjectModel                                           : loaded 2 times (x 68B)
Class org.gradle.tooling.model.UnsupportedMethodException                             : loaded 2 times (x 80B)
Class org.gradle.tooling.internal.gradle.DefaultProjectIdentifier                     : loaded 2 times (x 84B)
Class org.gradle.api.internal.classpath.ModuleRegistry                                : loaded 2 times (x 68B)
Class org.jetbrains.plugins.gradle.model.RepositoriesModel                            : loaded 2 times (x 68B)
Class kotlin.jvm.internal.markers.KMappedMarker                                       : loaded 2 times (x 68B)
Class org.gradle.api.internal.ClassPathProvider                                       : loaded 2 times (x 68B)
Class org.gradle.internal.classloader.ClasspathUtil$1                                 : loaded 2 times (x 74B)
Class org.gradle.internal.classloader.ClassLoaderFactory                              : loaded 2 times (x 68B)
Class jdk.internal.jimage.ImageHeader                                                 : loaded 2 times (x 69B)
Class org.gradle.api.internal.classpath.ManifestUtil                                  : loaded 2 times (x 69B)
Class org.gradle.api.specs.Spec                                                       : loaded 2 times (x 68B)
Class kotlin.jvm.internal.Intrinsics                                                  : loaded 2 times (x 69B)
Class org.gradle.tooling.internal.gradle.GradleBuildIdentity                          : loaded 2 times (x 68B)
Class org.gradle.internal.IoActions                                                   : loaded 2 times (x 69B)
Class jdk.internal.jimage.decompressor.StringSharingDecompressorFactory               : loaded 2 times (x 72B)
Class sync_studio_tooling2_156dtg050h469twzxu4uiqtgi$_run_closure1                    : loaded 2 times (x 137B)
Class org.gradle.api.internal.classpath.EffectiveClassPath                            : loaded 2 times (x 88B)
Class kotlin.jvm.internal.DefaultConstructorMarker                                    : loaded 2 times (x 69B)
Class org.gradle.internal.exceptions.ResolutionProvider                               : loaded 2 times (x 68B)
Class org.jetbrains.kotlin.idea.gradleTooling.model.annotation.AnnotationBasedPluginModel: loaded 2 times (x 68B)
Class org.jetbrains.kotlin.idea.gradleTooling.model.assignment.AssignmentModel        : loaded 2 times (x 68B)
Class org.gradle.internal.installation.CurrentGradleInstallation                      : loaded 2 times (x 71B)
Class org.gradle.internal.agents.InstrumentingClassLoader                             : loaded 2 times (x 68B)
Class org.gradle.internal.installation.CurrentGradleInstallationLocator               : loaded 2 times (x 69B)
Class org.gradle.api.internal.classpath.Module                                        : loaded 2 times (x 68B)
Class org.gradle.internal.service.CachingServiceLocator                               : loaded 2 times (x 80B)
Class org.gradle.internal.time.Timer                                                  : loaded 2 times (x 68B)
Class org.jetbrains.kotlin.idea.gradleTooling.KotlinDslScriptAdditionalTask           : loaded 2 times (x 68B)
Class org.jetbrains.plugins.gradle.model.tests.ExternalTestsModel                     : loaded 2 times (x 68B)
Class sync_studio_tooling2_156dtg050h469twzxu4uiqtgi                                  : loaded 2 times (x 177B)
Class org.gradle.internal.classpath.DefaultClassPath                                  : loaded 2 times (x 88B)
Class jdk.internal.jimage.BasicImageReader                                            : loaded 2 times (x 93B)
Class com.intellij.openapi.externalSystem.model.project.dependencies.ProjectDependencies: loaded 2 times (x 68B)
Class ijInit1_6owubyqclomqbo3lc58vbhdij                                               : loaded 2 times (x 177B)
Class kotlin.enums.EnumEntriesList                                                    : loaded 2 times (x 183B)
Class org.jetbrains.kotlin.idea.gradleTooling.PrepareKotlinIdeImportTaskModel         : loaded 2 times (x 68B)
Class jdk.internal.jimage.ImageLocation                                               : loaded 2 times (x 88B)
Class org.gradle.internal.impldep.com.google.common.base.Preconditions                : loaded 2 times (x 69B)
Class kotlin.jvm.functions.Function1                                                  : loaded 2 times (x 68B)
Class jdk.internal.jimage.ImageReader$Node                                            : loaded 2 times (x 82B)
Class org.gradle.internal.time.Time                                                   : loaded 2 times (x 69B)
Class jdk.internal.jimage.decompressor.CompressedResourceHeader                       : loaded 2 times (x 69B)
Class org.gradle.internal.time.TimeSource$1                                           : loaded 2 times (x 75B)
Class kotlin.KotlinNullPointerException                                               : loaded 2 times (x 81B)
Class jdk.internal.jrtfs.JrtPath                                                      : loaded 2 times (x 116B)
Class jdk.internal.jimage.ImageStrings                                                : loaded 2 times (x 68B)
Class jdk.internal.jrtfs.JrtFileAttributes                                            : loaded 2 times (x 81B)
Class org.gradle.internal.classloader.SystemClassLoaderSpec                           : loaded 2 times (x 69B)
Class jdk.internal.jimage.decompressor.ResourceDecompressorRepository                 : loaded 2 times (x 69B)
Class kotlin.Function                                                                 : loaded 2 times (x 68B)
Class org.gradle.api.UncheckedIOException                                             : loaded 2 times (x 80B)
Class jdk.internal.jimage.decompressor.ResourceDecompressor$StringsProvider           : loaded 2 times (x 68B)
Class Program                                                                         : loaded 2 times (x 70B)
Class jdk.internal.jimage.decompressor.Decompressor                                   : loaded 2 times (x 70B)
Class jdk.internal.jrtfs.JrtFileSystem                                                : loaded 2 times (x 100B)
Class org.gradle.tooling.internal.gradle.GradleProjectIdentity                        : loaded 2 times (x 68B)
Class jdk.internal.jrtfs.JrtFileSystemProvider                                        : loaded 2 times (x 97B)
Class org.gradle.internal.time.Clock                                                  : loaded 2 times (x 68B)
Class org.gradle.internal.time.CountdownTimer                                         : loaded 2 times (x 68B)
Class org.gradle.internal.classloader.ClasspathUtil                                   : loaded 2 times (x 69B)
Class jdk.internal.jrtfs.JrtDirectoryStream                                           : loaded 2 times (x 87B)
Class org.gradle.tooling.model.BuildIdentifier                                        : loaded 2 times (x 68B)
Class jdk.internal.jimage.decompressor.ResourceDecompressor                           : loaded 2 times (x 68B)
Class org.gradle.api.internal.DefaultClassPathRegistry                                : loaded 2 times (x 74B)
Class org.gradle.api.internal.classpath.DefaultModuleRegistry$DefaultModule           : loaded 2 times (x 84B)
Class org.gradle.internal.time.TimeSource                                             : loaded 2 times (x 68B)
Class org.jetbrains.kotlin.android.synthetic.idea.AndroidExtensionsGradleModel        : loaded 2 times (x 68B)
Class org.gradle.api.internal.classpath.UnknownModuleException                        : loaded 2 times (x 80B)
Class org.jetbrains.plugins.gradle.model.IntelliJProjectSettings                      : loaded 2 times (x 68B)
Class org.gradle.internal.service.ServiceLookupException                              : loaded 2 times (x 80B)
Class jdk.internal.jimage.ImageStringsReader                                          : loaded 2 times (x 78B)
Class org.gradle.cache.GlobalCache                                                    : loaded 2 times (x 68B)
Class jdk.internal.jimage.decompressor.ResourceDecompressorFactory                    : loaded 2 times (x 72B)
Class org.jetbrains.kotlin.idea.gradleTooling.model.lombok.LombokModel                : loaded 2 times (x 68B)
Class org.gradle.tooling.model.ProjectIdentifier                                      : loaded 2 times (x 68B)
Class [Lorg.gradle.api.internal.ClassPathProvider;                                    : loaded 2 times (x 67B)
Class jdk.internal.jimage.ImageReader$SharedImageReader$LocationVisitor               : loaded 2 times (x 68B)
Class org.gradle.internal.operations.MultipleBuildOperationFailures                   : loaded 2 times (x 93B)
Class org.gradle.util.internal.GUtil                                                  : loaded 2 times (x 69B)
Class jdk.internal.jimage.decompressor.ZipDecompressor                                : loaded 2 times (x 73B)
Class org.jetbrains.plugins.gradle.model.AnnotationProcessingModel                    : loaded 2 times (x 68B)
Class org.gradle.internal.classloader.ClassLoaderSpec                                 : loaded 2 times (x 69B)
Class org.gradle.internal.classloader.VisitableURLClassLoader                         : loaded 2 times (x 115B)
Class org.gradle.internal.installation.GradleInstallation                             : loaded 2 times (x 73B)
Class org.gradle.api.internal.ClassPathRegistry                                       : loaded 2 times (x 68B)
Class org.gradle.internal.classloader.VisitableURLClassLoader$InstrumentingVisitableURLClassLoader: loaded 2 times (x 121B)
Class org.gradle.internal.classloader.ClassLoaderHierarchy                            : loaded 2 times (x 68B)
Class org.gradle.internal.exceptions.MultiCauseException                              : loaded 2 times (x 68B)
Class jdk.internal.jimage.ImageReader                                                 : loaded 2 times (x 73B)
Class org.jetbrains.kotlin.idea.gradleTooling.model.parcelize.ParcelizeGradleModel    : loaded 2 times (x 68B)
Class org.gradle.internal.InternalTransformer                                         : loaded 2 times (x 68B)
Class org.jetbrains.kotlin.idea.gradleTooling.model.noarg.NoArgModel                  : loaded 2 times (x 68B)
Class org.jetbrains.kotlin.idea.gradleTooling.KotlinGradleModel                       : loaded 2 times (x 68B)
Class org.gradle.tooling.internal.gradle.DefaultBuildIdentifier                       : loaded 2 times (x 77B)
Class org.gradle.internal.service.ServiceLocator                                      : loaded 2 times (x 68B)
Class Settings_gradle$1                                                               : loaded 2 times (x 72B)
Class org.jetbrains.kotlin.idea.gradleTooling.model.allopen.AllOpenModel              : loaded 2 times (x 68B)
Class org.gradle.internal.classpath.DefaultClassPath$ImmutableUniqueList              : loaded 2 times (x 159B)
Class jdk.internal.jimage.ImageBufferCache                                            : loaded 2 times (x 69B)
Class org.gradle.internal.time.DefaultTimer                                           : loaded 2 times (x 78B)
Class org.gradle.internal.classpath.TransformedClassPath                              : loaded 2 times (x 94B)
Class Settings_gradle                                                                 : loaded 2 times (x 126B)
Class kotlin.collections.AbstractList$Companion                                       : loaded 2 times (x 69B)
Class jdk.internal.jimage.ImageReader$Directory                                       : loaded 2 times (x 82B)


---------------  S Y S T E M  ---------------

OS:
 Windows 10 , 64 bit Build 19041 (10.0.19041.4957)
OS uptime: 8 days 19:28 hours

CPU: total 8 (initial active 8) (4 cores per cpu, 2 threads per core) family 6 model 140 stepping 1 microcode 0xb8, cx8, cmov, fxsr, ht, mmx, 3dnowpref, sse, sse2, sse3, ssse3, sse4.1, sse4.2, popcnt, lzcnt, tsc, tscinvbit, avx, avx2, aes, erms, clmul, bmi1, bmi2, adx, avx512f, avx512dq, avx512cd, avx512bw, avx512vl, sha, fma, vzeroupper, avx512_vpopcntdq, avx512_vpclmulqdq, avx512_vaes, avx512_vnni, clflush, clflushopt, clwb, avx512_vbmi2, avx512_vbmi
Processor Information for all 8 processors :
  Max Mhz: 2419, Current Mhz: 2419, Mhz Limit: 2419

Memory: 4k page, system-wide physical 7918M (394M free)
TotalPageFile size 20038M (AvailPageFile size 46M)
current process WorkingSet (physical memory assigned to process): 467M, peak: 482M
current process commit charge ("private bytes"): 537M, peak: 555M

vm_info: OpenJDK 64-Bit Server VM (17.0.11+0--11852314) for windows-amd64 JRE (17.0.11+0--11852314), built on May 16 2024 21:29:20 by "androidbuild" with MS VC++ 16.10 / 16.11 (VS2019)

END.
